<?xml version="1.0" encoding="UTF-8"?>
<!-- Generated by org.testng.reporters.JUnitReportReporter -->
<testsuite skipped="0" hostname="LAPTOP-M7QPAFTV" name="movie.Login" tests="4" failures="0" timestamp="20 六月 2019 02:18:38 GMT" time="153.573" errors="1">
  <testcase name="login" time="106.996" classname="movie.Login"/>
  <testcase name="mod" time="0.000" classname="movie.Login">
    <error type="org.testng.TestNGException" message="
Method public void movie.Login.mod(java.lang.String,java.lang.String) throws java.lang.Exception requires a @DataProvider named : E:\demo.txt in class com.webtest.dataprovider.NSDataProvider">
      <![CDATA[org.testng.TestNGException: 
Method public void movie.Login.mod(java.lang.String,java.lang.String) throws java.lang.Exception requires a @DataProvider named : E:\demo.txt in class com.webtest.dataprovider.NSDataProvider
at org.testng.internal.Parameters.findDataProvider(Parameters.java:513)
at org.testng.internal.Parameters.handleParameters(Parameters.java:691)
at org.testng.internal.ParameterHandler.handleParameters(ParameterHandler.java:49)
at org.testng.internal.ParameterHandler.createParameters(ParameterHandler.java:37)
at org.testng.internal.Invoker.invokeTestMethods(Invoker.java:924)
at org.testng.internal.TestMethodWorker.invokeTestMethods(TestMethodWorker.java:125)
at org.testng.internal.TestMethodWorker.run(TestMethodWorker.java:109)
at org.testng.TestRunner.privateRun(TestRunner.java:648)
at org.testng.TestRunner.run(TestRunner.java:505)
at org.testng.SuiteRunner.runTest(SuiteRunner.java:455)
at org.testng.SuiteRunner.runSequentially(SuiteRunner.java:450)
at org.testng.SuiteRunner.privateRun(SuiteRunner.java:415)
at org.testng.SuiteRunner.run(SuiteRunner.java:364)
at org.testng.SuiteRunnerWorker.runSuite(SuiteRunnerWorker.java:52)
at org.testng.SuiteRunnerWorker.run(SuiteRunnerWorker.java:84)
at org.testng.TestNG.runSuitesSequentially(TestNG.java:1208)
at org.testng.TestNG.runSuitesLocally(TestNG.java:1137)
at org.testng.TestNG.runSuites(TestNG.java:1049)
at org.testng.TestNG.run(TestNG.java:1017)
at org.testng.remote.AbstractRemoteTestNG.run(AbstractRemoteTestNG.java:115)
at org.testng.remote.RemoteTestNG.initAndRun(RemoteTestNG.java:251)
at org.testng.remote.RemoteTestNG.main(RemoteTestNG.java:77)
]]>
    </error>
  </testcase> <!-- mod -->
  <testcase name="pinglun" time="15.880" classname="movie.Login"/>
  <testcase name="photo" time="30.697" classname="movie.Login"/>
</testsuite> <!-- movie.Login -->
