<html>
<head>
<title>TestNG:  test</title>
<link href="../testng.css" rel="stylesheet" type="text/css" />
<link href="../my-testng.css" rel="stylesheet" type="text/css" />

<style type="text/css">
.log { display: none;} 
.stack-trace { display: none;} 
</style>
<script type="text/javascript">
<!--
function flip(e) {
  current = e.style.display;
  if (current == 'block') {
    e.style.display = 'none';
    return 0;
  }
  else {
    e.style.display = 'block';
    return 1;
  }
}

function toggleBox(szDivId, elem, msg1, msg2)
{
  var res = -1;  if (document.getElementById) {
    res = flip(document.getElementById(szDivId));
  }
  else if (document.all) {
    // this is the way old msie versions work
    res = flip(document.all[szDivId]);
  }
  if(elem) {
    if(res == 0) elem.innerHTML = msg1; else elem.innerHTML = msg2;
  }

}

function toggleAllBoxes() {
  if (document.getElementsByTagName) {
    d = document.getElementsByTagName('div');
    for (i = 0; i < d.length; i++) {
      if (d[i].className == 'log') {
        flip(d[i]);
      }
    }
  }
}

// -->
</script>

</head>
<body>
<h2 align='center'>test</h2><table border='1' align="center">
<tr>
<td>Tests passed/Failed/Skipped:</td><td>37/22/0</td>
</tr><tr>
<td>Started on:</td><td>Thu Dec 12 10:54:37 CST 2019</td>
</tr>
<tr><td>Total time:</td><td>1445 seconds (1445047 ms)</td>
</tr><tr>
<td>Included groups:</td><td></td>
</tr><tr>
<td>Excluded groups:</td><td></td>
</tr>
</table><p/>
<small><i>(Hover the method name to see the test class name)</i></small><p/>
<table width='100%' border='1' class='invocation-failed'>
<tr><td colspan='4' align='center'><b>FAILED TESTS</b></td></tr>
<tr><td><b>Test method</b></td>
<td width="30%"><b>Exception</b></td>
<td width="10%"><b>Time (seconds)</b></td>
<td><b>Instance</b></td>
</tr>
<tr>
<td title='com.webtest.wangyiran.ErrorSet.test1()'><b>test1</b><br>Test class: com.webtest.wangyiran.ErrorSet<br>Test method: 27 在售商品页面编辑商品名称(失败用例:商品名称为特殊字符)</td>
<td><div><pre>java.lang.AssertionError: expected [true] but found [false]
	at com.webtest.wangyiran.ErrorSet.test1(ErrorSet.java:23)
... Removed 29 stack frames</pre></div><a href='#' onClick='toggleBox("stack-trace904351240", this, "Click to show all stack frames", "Click to hide stack frames")'>Click to show all stack frames</a>
<div class='stack-trace' id='stack-trace904351240'><pre>java.lang.AssertionError: expected [true] but found [false]
	at org.testng.Assert.fail(Assert.java:96)
	at org.testng.Assert.failNotEquals(Assert.java:776)
	at org.testng.Assert.assertTrue(Assert.java:44)
	at org.testng.Assert.assertTrue(Assert.java:54)
	at com.webtest.wangyiran.ErrorSet.test1(ErrorSet.java:23)
	at sun.reflect.NativeMethodAccessorImpl.invoke0(Native Method)
	at sun.reflect.NativeMethodAccessorImpl.invoke(Unknown Source)
	at sun.reflect.DelegatingMethodAccessorImpl.invoke(Unknown Source)
	at java.lang.reflect.Method.invoke(Unknown Source)
	at org.testng.internal.MethodInvocationHelper.invokeMethod(MethodInvocationHelper.java:124)
	at org.testng.internal.Invoker.invokeMethod(Invoker.java:580)
	at org.testng.internal.Invoker.invokeTestMethod(Invoker.java:716)
	at org.testng.internal.Invoker.invokeTestMethods(Invoker.java:988)
	at org.testng.internal.TestMethodWorker.invokeTestMethods(TestMethodWorker.java:125)
	at org.testng.internal.TestMethodWorker.run(TestMethodWorker.java:109)
	at org.testng.TestRunner.privateRun(TestRunner.java:648)
	at org.testng.TestRunner.run(TestRunner.java:505)
	at org.testng.SuiteRunner.runTest(SuiteRunner.java:455)
	at org.testng.SuiteRunner.runSequentially(SuiteRunner.java:450)
	at org.testng.SuiteRunner.privateRun(SuiteRunner.java:415)
	at org.testng.SuiteRunner.run(SuiteRunner.java:364)
	at org.testng.SuiteRunnerWorker.runSuite(SuiteRunnerWorker.java:52)
	at org.testng.SuiteRunnerWorker.run(SuiteRunnerWorker.java:84)
	at org.testng.TestNG.runSuitesSequentially(TestNG.java:1208)
	at org.testng.TestNG.runSuitesLocally(TestNG.java:1137)
	at org.testng.TestNG.runSuites(TestNG.java:1049)
	at org.testng.TestNG.run(TestNG.java:1017)
	at org.testng.remote.AbstractRemoteTestNG.run(AbstractRemoteTestNG.java:114)
	at org.testng.remote.RemoteTestNG.initAndRun(RemoteTestNG.java:251)
	at org.testng.remote.RemoteTestNG.main(RemoteTestNG.java:77)
</pre></div></td>
<td>17</td>
<td>com.webtest.wangyiran.ErrorSet@66a3ffec</td></tr>
<tr>
<td title='com.webtest.wangyiran.ErrorSet.test10()'><b>test10</b><br>Test class: com.webtest.wangyiran.ErrorSet<br>Test method: 66查询品牌名称(失败用例:输入特殊字符)</td>
<td><div><pre>java.lang.AssertionError: expected [true] but found [false]
	at com.webtest.wangyiran.ErrorSet.test10(ErrorSet.java:163)
... Removed 29 stack frames</pre></div><a href='#' onClick='toggleBox("stack-trace373197129", this, "Click to show all stack frames", "Click to hide stack frames")'>Click to show all stack frames</a>
<div class='stack-trace' id='stack-trace373197129'><pre>java.lang.AssertionError: expected [true] but found [false]
	at org.testng.Assert.fail(Assert.java:96)
	at org.testng.Assert.failNotEquals(Assert.java:776)
	at org.testng.Assert.assertTrue(Assert.java:44)
	at org.testng.Assert.assertTrue(Assert.java:54)
	at com.webtest.wangyiran.ErrorSet.test10(ErrorSet.java:163)
	at sun.reflect.NativeMethodAccessorImpl.invoke0(Native Method)
	at sun.reflect.NativeMethodAccessorImpl.invoke(Unknown Source)
	at sun.reflect.DelegatingMethodAccessorImpl.invoke(Unknown Source)
	at java.lang.reflect.Method.invoke(Unknown Source)
	at org.testng.internal.MethodInvocationHelper.invokeMethod(MethodInvocationHelper.java:124)
	at org.testng.internal.Invoker.invokeMethod(Invoker.java:580)
	at org.testng.internal.Invoker.invokeTestMethod(Invoker.java:716)
	at org.testng.internal.Invoker.invokeTestMethods(Invoker.java:988)
	at org.testng.internal.TestMethodWorker.invokeTestMethods(TestMethodWorker.java:125)
	at org.testng.internal.TestMethodWorker.run(TestMethodWorker.java:109)
	at org.testng.TestRunner.privateRun(TestRunner.java:648)
	at org.testng.TestRunner.run(TestRunner.java:505)
	at org.testng.SuiteRunner.runTest(SuiteRunner.java:455)
	at org.testng.SuiteRunner.runSequentially(SuiteRunner.java:450)
	at org.testng.SuiteRunner.privateRun(SuiteRunner.java:415)
	at org.testng.SuiteRunner.run(SuiteRunner.java:364)
	at org.testng.SuiteRunnerWorker.runSuite(SuiteRunnerWorker.java:52)
	at org.testng.SuiteRunnerWorker.run(SuiteRunnerWorker.java:84)
	at org.testng.TestNG.runSuitesSequentially(TestNG.java:1208)
	at org.testng.TestNG.runSuitesLocally(TestNG.java:1137)
	at org.testng.TestNG.runSuites(TestNG.java:1049)
	at org.testng.TestNG.run(TestNG.java:1017)
	at org.testng.remote.AbstractRemoteTestNG.run(AbstractRemoteTestNG.java:114)
	at org.testng.remote.RemoteTestNG.initAndRun(RemoteTestNG.java:251)
	at org.testng.remote.RemoteTestNG.main(RemoteTestNG.java:77)
</pre></div></td>
<td>20</td>
<td>com.webtest.wangyiran.ErrorSet@66a3ffec</td></tr>
<tr>
<td title='com.webtest.wangyiran.ErrorSet.test11()'><b>test11</b><br>Test class: com.webtest.wangyiran.ErrorSet<br>Test method: 62失败查询品牌名称,输入特殊字符</td>
<td><div><pre>java.lang.AssertionError: expected [true] but found [false]
	at com.webtest.wangyiran.ErrorSet.test11(ErrorSet.java:178)
... Removed 29 stack frames</pre></div><a href='#' onClick='toggleBox("stack-trace1111041582", this, "Click to show all stack frames", "Click to hide stack frames")'>Click to show all stack frames</a>
<div class='stack-trace' id='stack-trace1111041582'><pre>java.lang.AssertionError: expected [true] but found [false]
	at org.testng.Assert.fail(Assert.java:96)
	at org.testng.Assert.failNotEquals(Assert.java:776)
	at org.testng.Assert.assertTrue(Assert.java:44)
	at org.testng.Assert.assertTrue(Assert.java:54)
	at com.webtest.wangyiran.ErrorSet.test11(ErrorSet.java:178)
	at sun.reflect.NativeMethodAccessorImpl.invoke0(Native Method)
	at sun.reflect.NativeMethodAccessorImpl.invoke(Unknown Source)
	at sun.reflect.DelegatingMethodAccessorImpl.invoke(Unknown Source)
	at java.lang.reflect.Method.invoke(Unknown Source)
	at org.testng.internal.MethodInvocationHelper.invokeMethod(MethodInvocationHelper.java:124)
	at org.testng.internal.Invoker.invokeMethod(Invoker.java:580)
	at org.testng.internal.Invoker.invokeTestMethod(Invoker.java:716)
	at org.testng.internal.Invoker.invokeTestMethods(Invoker.java:988)
	at org.testng.internal.TestMethodWorker.invokeTestMethods(TestMethodWorker.java:125)
	at org.testng.internal.TestMethodWorker.run(TestMethodWorker.java:109)
	at org.testng.TestRunner.privateRun(TestRunner.java:648)
	at org.testng.TestRunner.run(TestRunner.java:505)
	at org.testng.SuiteRunner.runTest(SuiteRunner.java:455)
	at org.testng.SuiteRunner.runSequentially(SuiteRunner.java:450)
	at org.testng.SuiteRunner.privateRun(SuiteRunner.java:415)
	at org.testng.SuiteRunner.run(SuiteRunner.java:364)
	at org.testng.SuiteRunnerWorker.runSuite(SuiteRunnerWorker.java:52)
	at org.testng.SuiteRunnerWorker.run(SuiteRunnerWorker.java:84)
	at org.testng.TestNG.runSuitesSequentially(TestNG.java:1208)
	at org.testng.TestNG.runSuitesLocally(TestNG.java:1137)
	at org.testng.TestNG.runSuites(TestNG.java:1049)
	at org.testng.TestNG.run(TestNG.java:1017)
	at org.testng.remote.AbstractRemoteTestNG.run(AbstractRemoteTestNG.java:114)
	at org.testng.remote.RemoteTestNG.initAndRun(RemoteTestNG.java:251)
	at org.testng.remote.RemoteTestNG.main(RemoteTestNG.java:77)
</pre></div></td>
<td>16</td>
<td>com.webtest.wangyiran.ErrorSet@66a3ffec</td></tr>
<tr>
<td title='com.webtest.wangyiran.ErrorSet.test12()'><b>test12</b><br>Test class: com.webtest.wangyiran.ErrorSet<br>Test method: 63失败查询品牌名称,输入空白</td>
<td><div><pre>java.lang.AssertionError: expected [true] but found [false]
	at com.webtest.wangyiran.ErrorSet.test12(ErrorSet.java:193)
... Removed 29 stack frames</pre></div><a href='#' onClick='toggleBox("stack-trace927690291", this, "Click to show all stack frames", "Click to hide stack frames")'>Click to show all stack frames</a>
<div class='stack-trace' id='stack-trace927690291'><pre>java.lang.AssertionError: expected [true] but found [false]
	at org.testng.Assert.fail(Assert.java:96)
	at org.testng.Assert.failNotEquals(Assert.java:776)
	at org.testng.Assert.assertTrue(Assert.java:44)
	at org.testng.Assert.assertTrue(Assert.java:54)
	at com.webtest.wangyiran.ErrorSet.test12(ErrorSet.java:193)
	at sun.reflect.NativeMethodAccessorImpl.invoke0(Native Method)
	at sun.reflect.NativeMethodAccessorImpl.invoke(Unknown Source)
	at sun.reflect.DelegatingMethodAccessorImpl.invoke(Unknown Source)
	at java.lang.reflect.Method.invoke(Unknown Source)
	at org.testng.internal.MethodInvocationHelper.invokeMethod(MethodInvocationHelper.java:124)
	at org.testng.internal.Invoker.invokeMethod(Invoker.java:580)
	at org.testng.internal.Invoker.invokeTestMethod(Invoker.java:716)
	at org.testng.internal.Invoker.invokeTestMethods(Invoker.java:988)
	at org.testng.internal.TestMethodWorker.invokeTestMethods(TestMethodWorker.java:125)
	at org.testng.internal.TestMethodWorker.run(TestMethodWorker.java:109)
	at org.testng.TestRunner.privateRun(TestRunner.java:648)
	at org.testng.TestRunner.run(TestRunner.java:505)
	at org.testng.SuiteRunner.runTest(SuiteRunner.java:455)
	at org.testng.SuiteRunner.runSequentially(SuiteRunner.java:450)
	at org.testng.SuiteRunner.privateRun(SuiteRunner.java:415)
	at org.testng.SuiteRunner.run(SuiteRunner.java:364)
	at org.testng.SuiteRunnerWorker.runSuite(SuiteRunnerWorker.java:52)
	at org.testng.SuiteRunnerWorker.run(SuiteRunnerWorker.java:84)
	at org.testng.TestNG.runSuitesSequentially(TestNG.java:1208)
	at org.testng.TestNG.runSuitesLocally(TestNG.java:1137)
	at org.testng.TestNG.runSuites(TestNG.java:1049)
	at org.testng.TestNG.run(TestNG.java:1017)
	at org.testng.remote.AbstractRemoteTestNG.run(AbstractRemoteTestNG.java:114)
	at org.testng.remote.RemoteTestNG.initAndRun(RemoteTestNG.java:251)
	at org.testng.remote.RemoteTestNG.main(RemoteTestNG.java:77)
</pre></div></td>
<td>17</td>
<td>com.webtest.wangyiran.ErrorSet@66a3ffec</td></tr>
<tr>
<td title='com.webtest.wangyiran.IsSalingSelect.test2()'><b>test2</b><br>Test class: com.webtest.wangyiran.IsSalingSelect<br>Test method: 23输入商品名称进行查询</td>
<td><div><pre>java.lang.AssertionError: expected [true] but found [false]
	at com.webtest.wangyiran.IsSalingSelect.test2(IsSalingSelect.java:36)
... Removed 29 stack frames</pre></div><a href='#' onClick='toggleBox("stack-trace395607661", this, "Click to show all stack frames", "Click to hide stack frames")'>Click to show all stack frames</a>
<div class='stack-trace' id='stack-trace395607661'><pre>java.lang.AssertionError: expected [true] but found [false]
	at org.testng.Assert.fail(Assert.java:96)
	at org.testng.Assert.failNotEquals(Assert.java:776)
	at org.testng.Assert.assertTrue(Assert.java:44)
	at org.testng.Assert.assertTrue(Assert.java:54)
	at com.webtest.wangyiran.IsSalingSelect.test2(IsSalingSelect.java:36)
	at sun.reflect.NativeMethodAccessorImpl.invoke0(Native Method)
	at sun.reflect.NativeMethodAccessorImpl.invoke(Unknown Source)
	at sun.reflect.DelegatingMethodAccessorImpl.invoke(Unknown Source)
	at java.lang.reflect.Method.invoke(Unknown Source)
	at org.testng.internal.MethodInvocationHelper.invokeMethod(MethodInvocationHelper.java:124)
	at org.testng.internal.Invoker.invokeMethod(Invoker.java:580)
	at org.testng.internal.Invoker.invokeTestMethod(Invoker.java:716)
	at org.testng.internal.Invoker.invokeTestMethods(Invoker.java:988)
	at org.testng.internal.TestMethodWorker.invokeTestMethods(TestMethodWorker.java:125)
	at org.testng.internal.TestMethodWorker.run(TestMethodWorker.java:109)
	at org.testng.TestRunner.privateRun(TestRunner.java:648)
	at org.testng.TestRunner.run(TestRunner.java:505)
	at org.testng.SuiteRunner.runTest(SuiteRunner.java:455)
	at org.testng.SuiteRunner.runSequentially(SuiteRunner.java:450)
	at org.testng.SuiteRunner.privateRun(SuiteRunner.java:415)
	at org.testng.SuiteRunner.run(SuiteRunner.java:364)
	at org.testng.SuiteRunnerWorker.runSuite(SuiteRunnerWorker.java:52)
	at org.testng.SuiteRunnerWorker.run(SuiteRunnerWorker.java:84)
	at org.testng.TestNG.runSuitesSequentially(TestNG.java:1208)
	at org.testng.TestNG.runSuitesLocally(TestNG.java:1137)
	at org.testng.TestNG.runSuites(TestNG.java:1049)
	at org.testng.TestNG.run(TestNG.java:1017)
	at org.testng.remote.AbstractRemoteTestNG.run(AbstractRemoteTestNG.java:114)
	at org.testng.remote.RemoteTestNG.initAndRun(RemoteTestNG.java:251)
	at org.testng.remote.RemoteTestNG.main(RemoteTestNG.java:77)
</pre></div></td>
<td>21</td>
<td>com.webtest.wangyiran.IsSalingSelect@47c62251</td></tr>
<tr>
<td title='com.webtest.wangyiran.ErrorSet.test2()'><b>test2</b><br>Test class: com.webtest.wangyiran.ErrorSet<br>Test method: 28 在售商品页面编辑商品名称(失败用例:商品名称太长)</td>
<td><div><pre>java.lang.AssertionError: expected [true] but found [false]
	at com.webtest.wangyiran.ErrorSet.test2(ErrorSet.java:38)
... Removed 29 stack frames</pre></div><a href='#' onClick='toggleBox("stack-trace773865813", this, "Click to show all stack frames", "Click to hide stack frames")'>Click to show all stack frames</a>
<div class='stack-trace' id='stack-trace773865813'><pre>java.lang.AssertionError: expected [true] but found [false]
	at org.testng.Assert.fail(Assert.java:96)
	at org.testng.Assert.failNotEquals(Assert.java:776)
	at org.testng.Assert.assertTrue(Assert.java:44)
	at org.testng.Assert.assertTrue(Assert.java:54)
	at com.webtest.wangyiran.ErrorSet.test2(ErrorSet.java:38)
	at sun.reflect.NativeMethodAccessorImpl.invoke0(Native Method)
	at sun.reflect.NativeMethodAccessorImpl.invoke(Unknown Source)
	at sun.reflect.DelegatingMethodAccessorImpl.invoke(Unknown Source)
	at java.lang.reflect.Method.invoke(Unknown Source)
	at org.testng.internal.MethodInvocationHelper.invokeMethod(MethodInvocationHelper.java:124)
	at org.testng.internal.Invoker.invokeMethod(Invoker.java:580)
	at org.testng.internal.Invoker.invokeTestMethod(Invoker.java:716)
	at org.testng.internal.Invoker.invokeTestMethods(Invoker.java:988)
	at org.testng.internal.TestMethodWorker.invokeTestMethods(TestMethodWorker.java:125)
	at org.testng.internal.TestMethodWorker.run(TestMethodWorker.java:109)
	at org.testng.TestRunner.privateRun(TestRunner.java:648)
	at org.testng.TestRunner.run(TestRunner.java:505)
	at org.testng.SuiteRunner.runTest(SuiteRunner.java:455)
	at org.testng.SuiteRunner.runSequentially(SuiteRunner.java:450)
	at org.testng.SuiteRunner.privateRun(SuiteRunner.java:415)
	at org.testng.SuiteRunner.run(SuiteRunner.java:364)
	at org.testng.SuiteRunnerWorker.runSuite(SuiteRunnerWorker.java:52)
	at org.testng.SuiteRunnerWorker.run(SuiteRunnerWorker.java:84)
	at org.testng.TestNG.runSuitesSequentially(TestNG.java:1208)
	at org.testng.TestNG.runSuitesLocally(TestNG.java:1137)
	at org.testng.TestNG.runSuites(TestNG.java:1049)
	at org.testng.TestNG.run(TestNG.java:1017)
	at org.testng.remote.AbstractRemoteTestNG.run(AbstractRemoteTestNG.java:114)
	at org.testng.remote.RemoteTestNG.initAndRun(RemoteTestNG.java:251)
	at org.testng.remote.RemoteTestNG.main(RemoteTestNG.java:77)
</pre></div></td>
<td>17</td>
<td>com.webtest.wangyiran.ErrorSet@66a3ffec</td></tr>
<tr>
<td title='com.webtest.wangyiran.IsSalingSelect.test3()'><b>test3</b><br>Test class: com.webtest.wangyiran.IsSalingSelect<br>Test method: 24输入商品编号进行查询</td>
<td><div><pre>org.openqa.selenium.NoSuchFrameException: No frame element found by name or id wst-lframe-22
Build info: version: &apos;3.141.59&apos;, revision: &apos;e82be7d358&apos;, time: &apos;2018-11-14T08:25:53&apos;
System info: host: &apos;DESKTOP-RP7FE1C&apos;, ip: &apos;10.7.90.123&apos;, os.name: &apos;Windows 10&apos;, os.arch: &apos;amd64&apos;, os.version: &apos;10.0&apos;, java.version: &apos;1.8.0_73&apos;
Driver info: driver.version: unknown
	at org.openqa.selenium.remote.RemoteWebDriver$RemoteTargetLocator.frame(RemoteWebDriver.java:885)
	at com.webtest.core.WebDriverEngine.enterFrame(WebDriverEngine.java:64)
	at com.webtest.wangyiran.IsSalingSelect.test3(IsSalingSelect.java:47)
... Removed 25 stack frames</pre></div><a href='#' onClick='toggleBox("stack-trace236055802", this, "Click to show all stack frames", "Click to hide stack frames")'>Click to show all stack frames</a>
<div class='stack-trace' id='stack-trace236055802'><pre>org.openqa.selenium.NoSuchFrameException: No frame element found by name or id wst-lframe-22
Build info: version: &apos;3.141.59&apos;, revision: &apos;e82be7d358&apos;, time: &apos;2018-11-14T08:25:53&apos;
System info: host: &apos;DESKTOP-RP7FE1C&apos;, ip: &apos;10.7.90.123&apos;, os.name: &apos;Windows 10&apos;, os.arch: &apos;amd64&apos;, os.version: &apos;10.0&apos;, java.version: &apos;1.8.0_73&apos;
Driver info: driver.version: unknown
	at org.openqa.selenium.remote.RemoteWebDriver$RemoteTargetLocator.frame(RemoteWebDriver.java:885)
	at com.webtest.core.WebDriverEngine.enterFrame(WebDriverEngine.java:64)
	at com.webtest.wangyiran.IsSalingSelect.test3(IsSalingSelect.java:47)
	at sun.reflect.NativeMethodAccessorImpl.invoke0(Native Method)
	at sun.reflect.NativeMethodAccessorImpl.invoke(Unknown Source)
	at sun.reflect.DelegatingMethodAccessorImpl.invoke(Unknown Source)
	at java.lang.reflect.Method.invoke(Unknown Source)
	at org.testng.internal.MethodInvocationHelper.invokeMethod(MethodInvocationHelper.java:124)
	at org.testng.internal.Invoker.invokeMethod(Invoker.java:580)
	at org.testng.internal.Invoker.invokeTestMethod(Invoker.java:716)
	at org.testng.internal.Invoker.invokeTestMethods(Invoker.java:988)
	at org.testng.internal.TestMethodWorker.invokeTestMethods(TestMethodWorker.java:125)
	at org.testng.internal.TestMethodWorker.run(TestMethodWorker.java:109)
	at org.testng.TestRunner.privateRun(TestRunner.java:648)
	at org.testng.TestRunner.run(TestRunner.java:505)
	at org.testng.SuiteRunner.runTest(SuiteRunner.java:455)
	at org.testng.SuiteRunner.runSequentially(SuiteRunner.java:450)
	at org.testng.SuiteRunner.privateRun(SuiteRunner.java:415)
	at org.testng.SuiteRunner.run(SuiteRunner.java:364)
	at org.testng.SuiteRunnerWorker.runSuite(SuiteRunnerWorker.java:52)
	at org.testng.SuiteRunnerWorker.run(SuiteRunnerWorker.java:84)
	at org.testng.TestNG.runSuitesSequentially(TestNG.java:1208)
	at org.testng.TestNG.runSuitesLocally(TestNG.java:1137)
	at org.testng.TestNG.runSuites(TestNG.java:1049)
	at org.testng.TestNG.run(TestNG.java:1017)
	at org.testng.remote.AbstractRemoteTestNG.run(AbstractRemoteTestNG.java:114)
	at org.testng.remote.RemoteTestNG.initAndRun(RemoteTestNG.java:251)
	at org.testng.remote.RemoteTestNG.main(RemoteTestNG.java:77)
</pre></div></td>
<td>9</td>
<td>com.webtest.wangyiran.IsSalingSelect@47c62251</td></tr>
<tr>
<td title='com.webtest.wangyiran.NewGoodsEdit.test3()'><b>test3</b><br>Test class: com.webtest.wangyiran.NewGoodsEdit<br>Test method:  29在售商品页面编辑商品编号(成功用例)</td>
<td><div><pre>java.lang.AssertionError: expected [true] but found [false]
	at com.webtest.wangyiran.NewGoodsEdit.test3(NewGoodsEdit.java:58)
... Removed 29 stack frames</pre></div><a href='#' onClick='toggleBox("stack-trace77215921", this, "Click to show all stack frames", "Click to hide stack frames")'>Click to show all stack frames</a>
<div class='stack-trace' id='stack-trace77215921'><pre>java.lang.AssertionError: expected [true] but found [false]
	at org.testng.Assert.fail(Assert.java:96)
	at org.testng.Assert.failNotEquals(Assert.java:776)
	at org.testng.Assert.assertTrue(Assert.java:44)
	at org.testng.Assert.assertTrue(Assert.java:54)
	at com.webtest.wangyiran.NewGoodsEdit.test3(NewGoodsEdit.java:58)
	at sun.reflect.NativeMethodAccessorImpl.invoke0(Native Method)
	at sun.reflect.NativeMethodAccessorImpl.invoke(Unknown Source)
	at sun.reflect.DelegatingMethodAccessorImpl.invoke(Unknown Source)
	at java.lang.reflect.Method.invoke(Unknown Source)
	at org.testng.internal.MethodInvocationHelper.invokeMethod(MethodInvocationHelper.java:124)
	at org.testng.internal.Invoker.invokeMethod(Invoker.java:580)
	at org.testng.internal.Invoker.invokeTestMethod(Invoker.java:716)
	at org.testng.internal.Invoker.invokeTestMethods(Invoker.java:988)
	at org.testng.internal.TestMethodWorker.invokeTestMethods(TestMethodWorker.java:125)
	at org.testng.internal.TestMethodWorker.run(TestMethodWorker.java:109)
	at org.testng.TestRunner.privateRun(TestRunner.java:648)
	at org.testng.TestRunner.run(TestRunner.java:505)
	at org.testng.SuiteRunner.runTest(SuiteRunner.java:455)
	at org.testng.SuiteRunner.runSequentially(SuiteRunner.java:450)
	at org.testng.SuiteRunner.privateRun(SuiteRunner.java:415)
	at org.testng.SuiteRunner.run(SuiteRunner.java:364)
	at org.testng.SuiteRunnerWorker.runSuite(SuiteRunnerWorker.java:52)
	at org.testng.SuiteRunnerWorker.run(SuiteRunnerWorker.java:84)
	at org.testng.TestNG.runSuitesSequentially(TestNG.java:1208)
	at org.testng.TestNG.runSuitesLocally(TestNG.java:1137)
	at org.testng.TestNG.runSuites(TestNG.java:1049)
	at org.testng.TestNG.run(TestNG.java:1017)
	at org.testng.remote.AbstractRemoteTestNG.run(AbstractRemoteTestNG.java:114)
	at org.testng.remote.RemoteTestNG.initAndRun(RemoteTestNG.java:251)
	at org.testng.remote.RemoteTestNG.main(RemoteTestNG.java:77)
</pre></div></td>
<td>22</td>
<td>com.webtest.wangyiran.NewGoodsEdit@3e6fa38a</td></tr>
<tr>
<td title='com.webtest.wangyiran.ErrorSet.test3()'><b>test3</b><br>Test class: com.webtest.wangyiran.ErrorSet<br>Test method: 30在售商品页面编辑商品编号(失败用例:商品编号为特殊字符)</td>
<td><div><pre>java.lang.AssertionError: expected [true] but found [false]
	at com.webtest.wangyiran.ErrorSet.test3(ErrorSet.java:54)
... Removed 29 stack frames</pre></div><a href='#' onClick='toggleBox("stack-trace1454398423", this, "Click to show all stack frames", "Click to hide stack frames")'>Click to show all stack frames</a>
<div class='stack-trace' id='stack-trace1454398423'><pre>java.lang.AssertionError: expected [true] but found [false]
	at org.testng.Assert.fail(Assert.java:96)
	at org.testng.Assert.failNotEquals(Assert.java:776)
	at org.testng.Assert.assertTrue(Assert.java:44)
	at org.testng.Assert.assertTrue(Assert.java:54)
	at com.webtest.wangyiran.ErrorSet.test3(ErrorSet.java:54)
	at sun.reflect.NativeMethodAccessorImpl.invoke0(Native Method)
	at sun.reflect.NativeMethodAccessorImpl.invoke(Unknown Source)
	at sun.reflect.DelegatingMethodAccessorImpl.invoke(Unknown Source)
	at java.lang.reflect.Method.invoke(Unknown Source)
	at org.testng.internal.MethodInvocationHelper.invokeMethod(MethodInvocationHelper.java:124)
	at org.testng.internal.Invoker.invokeMethod(Invoker.java:580)
	at org.testng.internal.Invoker.invokeTestMethod(Invoker.java:716)
	at org.testng.internal.Invoker.invokeTestMethods(Invoker.java:988)
	at org.testng.internal.TestMethodWorker.invokeTestMethods(TestMethodWorker.java:125)
	at org.testng.internal.TestMethodWorker.run(TestMethodWorker.java:109)
	at org.testng.TestRunner.privateRun(TestRunner.java:648)
	at org.testng.TestRunner.run(TestRunner.java:505)
	at org.testng.SuiteRunner.runTest(SuiteRunner.java:455)
	at org.testng.SuiteRunner.runSequentially(SuiteRunner.java:450)
	at org.testng.SuiteRunner.privateRun(SuiteRunner.java:415)
	at org.testng.SuiteRunner.run(SuiteRunner.java:364)
	at org.testng.SuiteRunnerWorker.runSuite(SuiteRunnerWorker.java:52)
	at org.testng.SuiteRunnerWorker.run(SuiteRunnerWorker.java:84)
	at org.testng.TestNG.runSuitesSequentially(TestNG.java:1208)
	at org.testng.TestNG.runSuitesLocally(TestNG.java:1137)
	at org.testng.TestNG.runSuites(TestNG.java:1049)
	at org.testng.TestNG.run(TestNG.java:1017)
	at org.testng.remote.AbstractRemoteTestNG.run(AbstractRemoteTestNG.java:114)
	at org.testng.remote.RemoteTestNG.initAndRun(RemoteTestNG.java:251)
	at org.testng.remote.RemoteTestNG.main(RemoteTestNG.java:77)
</pre></div></td>
<td>19</td>
<td>com.webtest.wangyiran.ErrorSet@66a3ffec</td></tr>
<tr>
<td title='com.webtest.wangyiran.NewGoodsEdit.test4()'><b>test4</b><br>Test class: com.webtest.wangyiran.NewGoodsEdit<br>Test method: 33在售商品页面编辑商品编号(失败用例:商品编号为空)</td>
<td><div><pre>org.openqa.selenium.NoSuchFrameException: No frame element found by name or id wst-lframe-22
Build info: version: &apos;3.141.59&apos;, revision: &apos;e82be7d358&apos;, time: &apos;2018-11-14T08:25:53&apos;
System info: host: &apos;DESKTOP-RP7FE1C&apos;, ip: &apos;10.7.90.123&apos;, os.name: &apos;Windows 10&apos;, os.arch: &apos;amd64&apos;, os.version: &apos;10.0&apos;, java.version: &apos;1.8.0_73&apos;
Driver info: driver.version: unknown
	at org.openqa.selenium.remote.RemoteWebDriver$RemoteTargetLocator.frame(RemoteWebDriver.java:885)
	at com.webtest.core.WebDriverEngine.enterFrame(WebDriverEngine.java:64)
	at com.webtest.wangyiran.NewGoodsEdit.test4(NewGoodsEdit.java:71)
... Removed 25 stack frames</pre></div><a href='#' onClick='toggleBox("stack-trace685193713", this, "Click to show all stack frames", "Click to hide stack frames")'>Click to show all stack frames</a>
<div class='stack-trace' id='stack-trace685193713'><pre>org.openqa.selenium.NoSuchFrameException: No frame element found by name or id wst-lframe-22
Build info: version: &apos;3.141.59&apos;, revision: &apos;e82be7d358&apos;, time: &apos;2018-11-14T08:25:53&apos;
System info: host: &apos;DESKTOP-RP7FE1C&apos;, ip: &apos;10.7.90.123&apos;, os.name: &apos;Windows 10&apos;, os.arch: &apos;amd64&apos;, os.version: &apos;10.0&apos;, java.version: &apos;1.8.0_73&apos;
Driver info: driver.version: unknown
	at org.openqa.selenium.remote.RemoteWebDriver$RemoteTargetLocator.frame(RemoteWebDriver.java:885)
	at com.webtest.core.WebDriverEngine.enterFrame(WebDriverEngine.java:64)
	at com.webtest.wangyiran.NewGoodsEdit.test4(NewGoodsEdit.java:71)
	at sun.reflect.NativeMethodAccessorImpl.invoke0(Native Method)
	at sun.reflect.NativeMethodAccessorImpl.invoke(Unknown Source)
	at sun.reflect.DelegatingMethodAccessorImpl.invoke(Unknown Source)
	at java.lang.reflect.Method.invoke(Unknown Source)
	at org.testng.internal.MethodInvocationHelper.invokeMethod(MethodInvocationHelper.java:124)
	at org.testng.internal.Invoker.invokeMethod(Invoker.java:580)
	at org.testng.internal.Invoker.invokeTestMethod(Invoker.java:716)
	at org.testng.internal.Invoker.invokeTestMethods(Invoker.java:988)
	at org.testng.internal.TestMethodWorker.invokeTestMethods(TestMethodWorker.java:125)
	at org.testng.internal.TestMethodWorker.run(TestMethodWorker.java:109)
	at org.testng.TestRunner.privateRun(TestRunner.java:648)
	at org.testng.TestRunner.run(TestRunner.java:505)
	at org.testng.SuiteRunner.runTest(SuiteRunner.java:455)
	at org.testng.SuiteRunner.runSequentially(SuiteRunner.java:450)
	at org.testng.SuiteRunner.privateRun(SuiteRunner.java:415)
	at org.testng.SuiteRunner.run(SuiteRunner.java:364)
	at org.testng.SuiteRunnerWorker.runSuite(SuiteRunnerWorker.java:52)
	at org.testng.SuiteRunnerWorker.run(SuiteRunnerWorker.java:84)
	at org.testng.TestNG.runSuitesSequentially(TestNG.java:1208)
	at org.testng.TestNG.runSuitesLocally(TestNG.java:1137)
	at org.testng.TestNG.runSuites(TestNG.java:1049)
	at org.testng.TestNG.run(TestNG.java:1017)
	at org.testng.remote.AbstractRemoteTestNG.run(AbstractRemoteTestNG.java:114)
	at org.testng.remote.RemoteTestNG.initAndRun(RemoteTestNG.java:251)
	at org.testng.remote.RemoteTestNG.main(RemoteTestNG.java:77)
</pre></div></td>
<td>7</td>
<td>com.webtest.wangyiran.NewGoodsEdit@3e6fa38a</td></tr>
<tr>
<td title='com.webtest.wangyiran.ErrorSet.test4()'><b>test4</b><br>Test class: com.webtest.wangyiran.ErrorSet<br>Test method: 31在售商品页面编辑商品编号(失败用例:商品编号过长)</td>
<td><div><pre>java.lang.AssertionError: expected [true] but found [false]
	at com.webtest.wangyiran.ErrorSet.test4(ErrorSet.java:70)
... Removed 29 stack frames</pre></div><a href='#' onClick='toggleBox("stack-trace193206035", this, "Click to show all stack frames", "Click to hide stack frames")'>Click to show all stack frames</a>
<div class='stack-trace' id='stack-trace193206035'><pre>java.lang.AssertionError: expected [true] but found [false]
	at org.testng.Assert.fail(Assert.java:96)
	at org.testng.Assert.failNotEquals(Assert.java:776)
	at org.testng.Assert.assertTrue(Assert.java:44)
	at org.testng.Assert.assertTrue(Assert.java:54)
	at com.webtest.wangyiran.ErrorSet.test4(ErrorSet.java:70)
	at sun.reflect.NativeMethodAccessorImpl.invoke0(Native Method)
	at sun.reflect.NativeMethodAccessorImpl.invoke(Unknown Source)
	at sun.reflect.DelegatingMethodAccessorImpl.invoke(Unknown Source)
	at java.lang.reflect.Method.invoke(Unknown Source)
	at org.testng.internal.MethodInvocationHelper.invokeMethod(MethodInvocationHelper.java:124)
	at org.testng.internal.Invoker.invokeMethod(Invoker.java:580)
	at org.testng.internal.Invoker.invokeTestMethod(Invoker.java:716)
	at org.testng.internal.Invoker.invokeTestMethods(Invoker.java:988)
	at org.testng.internal.TestMethodWorker.invokeTestMethods(TestMethodWorker.java:125)
	at org.testng.internal.TestMethodWorker.run(TestMethodWorker.java:109)
	at org.testng.TestRunner.privateRun(TestRunner.java:648)
	at org.testng.TestRunner.run(TestRunner.java:505)
	at org.testng.SuiteRunner.runTest(SuiteRunner.java:455)
	at org.testng.SuiteRunner.runSequentially(SuiteRunner.java:450)
	at org.testng.SuiteRunner.privateRun(SuiteRunner.java:415)
	at org.testng.SuiteRunner.run(SuiteRunner.java:364)
	at org.testng.SuiteRunnerWorker.runSuite(SuiteRunnerWorker.java:52)
	at org.testng.SuiteRunnerWorker.run(SuiteRunnerWorker.java:84)
	at org.testng.TestNG.runSuitesSequentially(TestNG.java:1208)
	at org.testng.TestNG.runSuitesLocally(TestNG.java:1137)
	at org.testng.TestNG.runSuites(TestNG.java:1049)
	at org.testng.TestNG.run(TestNG.java:1017)
	at org.testng.remote.AbstractRemoteTestNG.run(AbstractRemoteTestNG.java:114)
	at org.testng.remote.RemoteTestNG.initAndRun(RemoteTestNG.java:251)
	at org.testng.remote.RemoteTestNG.main(RemoteTestNG.java:77)
</pre></div></td>
<td>19</td>
<td>com.webtest.wangyiran.ErrorSet@66a3ffec</td></tr>
<tr>
<td title='com.webtest.wangyiran.NewGoodsEdit.test5()'><b>test5</b><br>Test class: com.webtest.wangyiran.NewGoodsEdit<br>Test method: 34在售商品页面编辑商品货号(成功用例)</td>
<td><div><pre>org.openqa.selenium.NoSuchFrameException: No frame element found by name or id wst-lframe-22
Build info: version: &apos;3.141.59&apos;, revision: &apos;e82be7d358&apos;, time: &apos;2018-11-14T08:25:53&apos;
System info: host: &apos;DESKTOP-RP7FE1C&apos;, ip: &apos;10.7.90.123&apos;, os.name: &apos;Windows 10&apos;, os.arch: &apos;amd64&apos;, os.version: &apos;10.0&apos;, java.version: &apos;1.8.0_73&apos;
Driver info: driver.version: unknown
	at org.openqa.selenium.remote.RemoteWebDriver$RemoteTargetLocator.frame(RemoteWebDriver.java:885)
	at com.webtest.core.WebDriverEngine.enterFrame(WebDriverEngine.java:64)
	at com.webtest.wangyiran.NewGoodsEdit.test5(NewGoodsEdit.java:86)
... Removed 25 stack frames</pre></div><a href='#' onClick='toggleBox("stack-trace502863983", this, "Click to show all stack frames", "Click to hide stack frames")'>Click to show all stack frames</a>
<div class='stack-trace' id='stack-trace502863983'><pre>org.openqa.selenium.NoSuchFrameException: No frame element found by name or id wst-lframe-22
Build info: version: &apos;3.141.59&apos;, revision: &apos;e82be7d358&apos;, time: &apos;2018-11-14T08:25:53&apos;
System info: host: &apos;DESKTOP-RP7FE1C&apos;, ip: &apos;10.7.90.123&apos;, os.name: &apos;Windows 10&apos;, os.arch: &apos;amd64&apos;, os.version: &apos;10.0&apos;, java.version: &apos;1.8.0_73&apos;
Driver info: driver.version: unknown
	at org.openqa.selenium.remote.RemoteWebDriver$RemoteTargetLocator.frame(RemoteWebDriver.java:885)
	at com.webtest.core.WebDriverEngine.enterFrame(WebDriverEngine.java:64)
	at com.webtest.wangyiran.NewGoodsEdit.test5(NewGoodsEdit.java:86)
	at sun.reflect.NativeMethodAccessorImpl.invoke0(Native Method)
	at sun.reflect.NativeMethodAccessorImpl.invoke(Unknown Source)
	at sun.reflect.DelegatingMethodAccessorImpl.invoke(Unknown Source)
	at java.lang.reflect.Method.invoke(Unknown Source)
	at org.testng.internal.MethodInvocationHelper.invokeMethod(MethodInvocationHelper.java:124)
	at org.testng.internal.Invoker.invokeMethod(Invoker.java:580)
	at org.testng.internal.Invoker.invokeTestMethod(Invoker.java:716)
	at org.testng.internal.Invoker.invokeTestMethods(Invoker.java:988)
	at org.testng.internal.TestMethodWorker.invokeTestMethods(TestMethodWorker.java:125)
	at org.testng.internal.TestMethodWorker.run(TestMethodWorker.java:109)
	at org.testng.TestRunner.privateRun(TestRunner.java:648)
	at org.testng.TestRunner.run(TestRunner.java:505)
	at org.testng.SuiteRunner.runTest(SuiteRunner.java:455)
	at org.testng.SuiteRunner.runSequentially(SuiteRunner.java:450)
	at org.testng.SuiteRunner.privateRun(SuiteRunner.java:415)
	at org.testng.SuiteRunner.run(SuiteRunner.java:364)
	at org.testng.SuiteRunnerWorker.runSuite(SuiteRunnerWorker.java:52)
	at org.testng.SuiteRunnerWorker.run(SuiteRunnerWorker.java:84)
	at org.testng.TestNG.runSuitesSequentially(TestNG.java:1208)
	at org.testng.TestNG.runSuitesLocally(TestNG.java:1137)
	at org.testng.TestNG.runSuites(TestNG.java:1049)
	at org.testng.TestNG.run(TestNG.java:1017)
	at org.testng.remote.AbstractRemoteTestNG.run(AbstractRemoteTestNG.java:114)
	at org.testng.remote.RemoteTestNG.initAndRun(RemoteTestNG.java:251)
	at org.testng.remote.RemoteTestNG.main(RemoteTestNG.java:77)
</pre></div></td>
<td>7</td>
<td>com.webtest.wangyiran.NewGoodsEdit@3e6fa38a</td></tr>
<tr>
<td title='com.webtest.wangyiran.ErrorSet.test5()'><b>test5</b><br>Test class: com.webtest.wangyiran.ErrorSet<br>Test method: 32在售商品页面编辑商品编号(失败用例:商品编号过短)</td>
<td><div><pre>java.lang.AssertionError: expected [true] but found [false]
	at com.webtest.wangyiran.ErrorSet.test5(ErrorSet.java:86)
... Removed 29 stack frames</pre></div><a href='#' onClick='toggleBox("stack-trace1977941564", this, "Click to show all stack frames", "Click to hide stack frames")'>Click to show all stack frames</a>
<div class='stack-trace' id='stack-trace1977941564'><pre>java.lang.AssertionError: expected [true] but found [false]
	at org.testng.Assert.fail(Assert.java:96)
	at org.testng.Assert.failNotEquals(Assert.java:776)
	at org.testng.Assert.assertTrue(Assert.java:44)
	at org.testng.Assert.assertTrue(Assert.java:54)
	at com.webtest.wangyiran.ErrorSet.test5(ErrorSet.java:86)
	at sun.reflect.NativeMethodAccessorImpl.invoke0(Native Method)
	at sun.reflect.NativeMethodAccessorImpl.invoke(Unknown Source)
	at sun.reflect.DelegatingMethodAccessorImpl.invoke(Unknown Source)
	at java.lang.reflect.Method.invoke(Unknown Source)
	at org.testng.internal.MethodInvocationHelper.invokeMethod(MethodInvocationHelper.java:124)
	at org.testng.internal.Invoker.invokeMethod(Invoker.java:580)
	at org.testng.internal.Invoker.invokeTestMethod(Invoker.java:716)
	at org.testng.internal.Invoker.invokeTestMethods(Invoker.java:988)
	at org.testng.internal.TestMethodWorker.invokeTestMethods(TestMethodWorker.java:125)
	at org.testng.internal.TestMethodWorker.run(TestMethodWorker.java:109)
	at org.testng.TestRunner.privateRun(TestRunner.java:648)
	at org.testng.TestRunner.run(TestRunner.java:505)
	at org.testng.SuiteRunner.runTest(SuiteRunner.java:455)
	at org.testng.SuiteRunner.runSequentially(SuiteRunner.java:450)
	at org.testng.SuiteRunner.privateRun(SuiteRunner.java:415)
	at org.testng.SuiteRunner.run(SuiteRunner.java:364)
	at org.testng.SuiteRunnerWorker.runSuite(SuiteRunnerWorker.java:52)
	at org.testng.SuiteRunnerWorker.run(SuiteRunnerWorker.java:84)
	at org.testng.TestNG.runSuitesSequentially(TestNG.java:1208)
	at org.testng.TestNG.runSuitesLocally(TestNG.java:1137)
	at org.testng.TestNG.runSuites(TestNG.java:1049)
	at org.testng.TestNG.run(TestNG.java:1017)
	at org.testng.remote.AbstractRemoteTestNG.run(AbstractRemoteTestNG.java:114)
	at org.testng.remote.RemoteTestNG.initAndRun(RemoteTestNG.java:251)
	at org.testng.remote.RemoteTestNG.main(RemoteTestNG.java:77)
</pre></div></td>
<td>19</td>
<td>com.webtest.wangyiran.ErrorSet@66a3ffec</td></tr>
<tr>
<td title='com.webtest.wangyiran.NewGoodsEdit.test6()'><b>test6</b><br>Test class: com.webtest.wangyiran.NewGoodsEdit<br>Test method: 35在售商品页面编辑市场价格(成功用例)</td>
<td><div><pre>org.openqa.selenium.NoSuchFrameException: No frame element found by name or id wst-lframe-22
Build info: version: &apos;3.141.59&apos;, revision: &apos;e82be7d358&apos;, time: &apos;2018-11-14T08:25:53&apos;
System info: host: &apos;DESKTOP-RP7FE1C&apos;, ip: &apos;10.7.90.123&apos;, os.name: &apos;Windows 10&apos;, os.arch: &apos;amd64&apos;, os.version: &apos;10.0&apos;, java.version: &apos;1.8.0_73&apos;
Driver info: driver.version: unknown
	at org.openqa.selenium.remote.RemoteWebDriver$RemoteTargetLocator.frame(RemoteWebDriver.java:885)
	at com.webtest.core.WebDriverEngine.enterFrame(WebDriverEngine.java:64)
	at com.webtest.wangyiran.NewGoodsEdit.test6(NewGoodsEdit.java:105)
... Removed 25 stack frames</pre></div><a href='#' onClick='toggleBox("stack-trace1816978819", this, "Click to show all stack frames", "Click to hide stack frames")'>Click to show all stack frames</a>
<div class='stack-trace' id='stack-trace1816978819'><pre>org.openqa.selenium.NoSuchFrameException: No frame element found by name or id wst-lframe-22
Build info: version: &apos;3.141.59&apos;, revision: &apos;e82be7d358&apos;, time: &apos;2018-11-14T08:25:53&apos;
System info: host: &apos;DESKTOP-RP7FE1C&apos;, ip: &apos;10.7.90.123&apos;, os.name: &apos;Windows 10&apos;, os.arch: &apos;amd64&apos;, os.version: &apos;10.0&apos;, java.version: &apos;1.8.0_73&apos;
Driver info: driver.version: unknown
	at org.openqa.selenium.remote.RemoteWebDriver$RemoteTargetLocator.frame(RemoteWebDriver.java:885)
	at com.webtest.core.WebDriverEngine.enterFrame(WebDriverEngine.java:64)
	at com.webtest.wangyiran.NewGoodsEdit.test6(NewGoodsEdit.java:105)
	at sun.reflect.NativeMethodAccessorImpl.invoke0(Native Method)
	at sun.reflect.NativeMethodAccessorImpl.invoke(Unknown Source)
	at sun.reflect.DelegatingMethodAccessorImpl.invoke(Unknown Source)
	at java.lang.reflect.Method.invoke(Unknown Source)
	at org.testng.internal.MethodInvocationHelper.invokeMethod(MethodInvocationHelper.java:124)
	at org.testng.internal.Invoker.invokeMethod(Invoker.java:580)
	at org.testng.internal.Invoker.invokeTestMethod(Invoker.java:716)
	at org.testng.internal.Invoker.invokeTestMethods(Invoker.java:988)
	at org.testng.internal.TestMethodWorker.invokeTestMethods(TestMethodWorker.java:125)
	at org.testng.internal.TestMethodWorker.run(TestMethodWorker.java:109)
	at org.testng.TestRunner.privateRun(TestRunner.java:648)
	at org.testng.TestRunner.run(TestRunner.java:505)
	at org.testng.SuiteRunner.runTest(SuiteRunner.java:455)
	at org.testng.SuiteRunner.runSequentially(SuiteRunner.java:450)
	at org.testng.SuiteRunner.privateRun(SuiteRunner.java:415)
	at org.testng.SuiteRunner.run(SuiteRunner.java:364)
	at org.testng.SuiteRunnerWorker.runSuite(SuiteRunnerWorker.java:52)
	at org.testng.SuiteRunnerWorker.run(SuiteRunnerWorker.java:84)
	at org.testng.TestNG.runSuitesSequentially(TestNG.java:1208)
	at org.testng.TestNG.runSuitesLocally(TestNG.java:1137)
	at org.testng.TestNG.runSuites(TestNG.java:1049)
	at org.testng.TestNG.run(TestNG.java:1017)
	at org.testng.remote.AbstractRemoteTestNG.run(AbstractRemoteTestNG.java:114)
	at org.testng.remote.RemoteTestNG.initAndRun(RemoteTestNG.java:251)
	at org.testng.remote.RemoteTestNG.main(RemoteTestNG.java:77)
</pre></div></td>
<td>7</td>
<td>com.webtest.wangyiran.NewGoodsEdit@3e6fa38a</td></tr>
<tr>
<td title='com.webtest.wangyiran.ErrorSet.test6()'><b>test6</b><br>Test class: com.webtest.wangyiran.ErrorSet<br>Test method: 47在售商品页面编辑商品单位(失败用例:商品单位为特殊字符)</td>
<td><div><pre>java.lang.AssertionError: expected [true] but found [false]
	at com.webtest.wangyiran.ErrorSet.test6(ErrorSet.java:102)
... Removed 29 stack frames</pre></div><a href='#' onClick='toggleBox("stack-trace757271807", this, "Click to show all stack frames", "Click to hide stack frames")'>Click to show all stack frames</a>
<div class='stack-trace' id='stack-trace757271807'><pre>java.lang.AssertionError: expected [true] but found [false]
	at org.testng.Assert.fail(Assert.java:96)
	at org.testng.Assert.failNotEquals(Assert.java:776)
	at org.testng.Assert.assertTrue(Assert.java:44)
	at org.testng.Assert.assertTrue(Assert.java:54)
	at com.webtest.wangyiran.ErrorSet.test6(ErrorSet.java:102)
	at sun.reflect.NativeMethodAccessorImpl.invoke0(Native Method)
	at sun.reflect.NativeMethodAccessorImpl.invoke(Unknown Source)
	at sun.reflect.DelegatingMethodAccessorImpl.invoke(Unknown Source)
	at java.lang.reflect.Method.invoke(Unknown Source)
	at org.testng.internal.MethodInvocationHelper.invokeMethod(MethodInvocationHelper.java:124)
	at org.testng.internal.Invoker.invokeMethod(Invoker.java:580)
	at org.testng.internal.Invoker.invokeTestMethod(Invoker.java:716)
	at org.testng.internal.Invoker.invokeTestMethods(Invoker.java:988)
	at org.testng.internal.TestMethodWorker.invokeTestMethods(TestMethodWorker.java:125)
	at org.testng.internal.TestMethodWorker.run(TestMethodWorker.java:109)
	at org.testng.TestRunner.privateRun(TestRunner.java:648)
	at org.testng.TestRunner.run(TestRunner.java:505)
	at org.testng.SuiteRunner.runTest(SuiteRunner.java:455)
	at org.testng.SuiteRunner.runSequentially(SuiteRunner.java:450)
	at org.testng.SuiteRunner.privateRun(SuiteRunner.java:415)
	at org.testng.SuiteRunner.run(SuiteRunner.java:364)
	at org.testng.SuiteRunnerWorker.runSuite(SuiteRunnerWorker.java:52)
	at org.testng.SuiteRunnerWorker.run(SuiteRunnerWorker.java:84)
	at org.testng.TestNG.runSuitesSequentially(TestNG.java:1208)
	at org.testng.TestNG.runSuitesLocally(TestNG.java:1137)
	at org.testng.TestNG.runSuites(TestNG.java:1049)
	at org.testng.TestNG.run(TestNG.java:1017)
	at org.testng.remote.AbstractRemoteTestNG.run(AbstractRemoteTestNG.java:114)
	at org.testng.remote.RemoteTestNG.initAndRun(RemoteTestNG.java:251)
	at org.testng.remote.RemoteTestNG.main(RemoteTestNG.java:77)
</pre></div></td>
<td>19</td>
<td>com.webtest.wangyiran.ErrorSet@66a3ffec</td></tr>
<tr>
<td title='com.webtest.wangyiran.NewGoodsEdit.test7()'><b>test7</b><br>Test class: com.webtest.wangyiran.NewGoodsEdit<br>Test method: 36在售商品页面编辑市场价格(失败用例: 价格为0)</td>
<td><div><pre>org.openqa.selenium.NoSuchFrameException: No frame element found by name or id wst-lframe-22
Build info: version: &apos;3.141.59&apos;, revision: &apos;e82be7d358&apos;, time: &apos;2018-11-14T08:25:53&apos;
System info: host: &apos;DESKTOP-RP7FE1C&apos;, ip: &apos;10.7.90.123&apos;, os.name: &apos;Windows 10&apos;, os.arch: &apos;amd64&apos;, os.version: &apos;10.0&apos;, java.version: &apos;1.8.0_73&apos;
Driver info: driver.version: unknown
	at org.openqa.selenium.remote.RemoteWebDriver$RemoteTargetLocator.frame(RemoteWebDriver.java:885)
	at com.webtest.core.WebDriverEngine.enterFrame(WebDriverEngine.java:64)
	at com.webtest.wangyiran.NewGoodsEdit.test7(NewGoodsEdit.java:122)
... Removed 25 stack frames</pre></div><a href='#' onClick='toggleBox("stack-trace123458189", this, "Click to show all stack frames", "Click to hide stack frames")'>Click to show all stack frames</a>
<div class='stack-trace' id='stack-trace123458189'><pre>org.openqa.selenium.NoSuchFrameException: No frame element found by name or id wst-lframe-22
Build info: version: &apos;3.141.59&apos;, revision: &apos;e82be7d358&apos;, time: &apos;2018-11-14T08:25:53&apos;
System info: host: &apos;DESKTOP-RP7FE1C&apos;, ip: &apos;10.7.90.123&apos;, os.name: &apos;Windows 10&apos;, os.arch: &apos;amd64&apos;, os.version: &apos;10.0&apos;, java.version: &apos;1.8.0_73&apos;
Driver info: driver.version: unknown
	at org.openqa.selenium.remote.RemoteWebDriver$RemoteTargetLocator.frame(RemoteWebDriver.java:885)
	at com.webtest.core.WebDriverEngine.enterFrame(WebDriverEngine.java:64)
	at com.webtest.wangyiran.NewGoodsEdit.test7(NewGoodsEdit.java:122)
	at sun.reflect.NativeMethodAccessorImpl.invoke0(Native Method)
	at sun.reflect.NativeMethodAccessorImpl.invoke(Unknown Source)
	at sun.reflect.DelegatingMethodAccessorImpl.invoke(Unknown Source)
	at java.lang.reflect.Method.invoke(Unknown Source)
	at org.testng.internal.MethodInvocationHelper.invokeMethod(MethodInvocationHelper.java:124)
	at org.testng.internal.Invoker.invokeMethod(Invoker.java:580)
	at org.testng.internal.Invoker.invokeTestMethod(Invoker.java:716)
	at org.testng.internal.Invoker.invokeTestMethods(Invoker.java:988)
	at org.testng.internal.TestMethodWorker.invokeTestMethods(TestMethodWorker.java:125)
	at org.testng.internal.TestMethodWorker.run(TestMethodWorker.java:109)
	at org.testng.TestRunner.privateRun(TestRunner.java:648)
	at org.testng.TestRunner.run(TestRunner.java:505)
	at org.testng.SuiteRunner.runTest(SuiteRunner.java:455)
	at org.testng.SuiteRunner.runSequentially(SuiteRunner.java:450)
	at org.testng.SuiteRunner.privateRun(SuiteRunner.java:415)
	at org.testng.SuiteRunner.run(SuiteRunner.java:364)
	at org.testng.SuiteRunnerWorker.runSuite(SuiteRunnerWorker.java:52)
	at org.testng.SuiteRunnerWorker.run(SuiteRunnerWorker.java:84)
	at org.testng.TestNG.runSuitesSequentially(TestNG.java:1208)
	at org.testng.TestNG.runSuitesLocally(TestNG.java:1137)
	at org.testng.TestNG.runSuites(TestNG.java:1049)
	at org.testng.TestNG.run(TestNG.java:1017)
	at org.testng.remote.AbstractRemoteTestNG.run(AbstractRemoteTestNG.java:114)
	at org.testng.remote.RemoteTestNG.initAndRun(RemoteTestNG.java:251)
	at org.testng.remote.RemoteTestNG.main(RemoteTestNG.java:77)
</pre></div></td>
<td>7</td>
<td>com.webtest.wangyiran.NewGoodsEdit@3e6fa38a</td></tr>
<tr>
<td title='com.webtest.wangyiran.ErrorSet.test7()'><b>test7</b><br>Test class: com.webtest.wangyiran.ErrorSet<br>Test method: 48在售商品页面编辑商品单位(失败用例:商品单位为数字)</td>
<td><div><pre>java.lang.AssertionError: expected [true] but found [false]
	at com.webtest.wangyiran.ErrorSet.test7(ErrorSet.java:118)
... Removed 29 stack frames</pre></div><a href='#' onClick='toggleBox("stack-trace963585828", this, "Click to show all stack frames", "Click to hide stack frames")'>Click to show all stack frames</a>
<div class='stack-trace' id='stack-trace963585828'><pre>java.lang.AssertionError: expected [true] but found [false]
	at org.testng.Assert.fail(Assert.java:96)
	at org.testng.Assert.failNotEquals(Assert.java:776)
	at org.testng.Assert.assertTrue(Assert.java:44)
	at org.testng.Assert.assertTrue(Assert.java:54)
	at com.webtest.wangyiran.ErrorSet.test7(ErrorSet.java:118)
	at sun.reflect.NativeMethodAccessorImpl.invoke0(Native Method)
	at sun.reflect.NativeMethodAccessorImpl.invoke(Unknown Source)
	at sun.reflect.DelegatingMethodAccessorImpl.invoke(Unknown Source)
	at java.lang.reflect.Method.invoke(Unknown Source)
	at org.testng.internal.MethodInvocationHelper.invokeMethod(MethodInvocationHelper.java:124)
	at org.testng.internal.Invoker.invokeMethod(Invoker.java:580)
	at org.testng.internal.Invoker.invokeTestMethod(Invoker.java:716)
	at org.testng.internal.Invoker.invokeTestMethods(Invoker.java:988)
	at org.testng.internal.TestMethodWorker.invokeTestMethods(TestMethodWorker.java:125)
	at org.testng.internal.TestMethodWorker.run(TestMethodWorker.java:109)
	at org.testng.TestRunner.privateRun(TestRunner.java:648)
	at org.testng.TestRunner.run(TestRunner.java:505)
	at org.testng.SuiteRunner.runTest(SuiteRunner.java:455)
	at org.testng.SuiteRunner.runSequentially(SuiteRunner.java:450)
	at org.testng.SuiteRunner.privateRun(SuiteRunner.java:415)
	at org.testng.SuiteRunner.run(SuiteRunner.java:364)
	at org.testng.SuiteRunnerWorker.runSuite(SuiteRunnerWorker.java:52)
	at org.testng.SuiteRunnerWorker.run(SuiteRunnerWorker.java:84)
	at org.testng.TestNG.runSuitesSequentially(TestNG.java:1208)
	at org.testng.TestNG.runSuitesLocally(TestNG.java:1137)
	at org.testng.TestNG.runSuites(TestNG.java:1049)
	at org.testng.TestNG.run(TestNG.java:1017)
	at org.testng.remote.AbstractRemoteTestNG.run(AbstractRemoteTestNG.java:114)
	at org.testng.remote.RemoteTestNG.initAndRun(RemoteTestNG.java:251)
	at org.testng.remote.RemoteTestNG.main(RemoteTestNG.java:77)
</pre></div></td>
<td>19</td>
<td>com.webtest.wangyiran.ErrorSet@66a3ffec</td></tr>
<tr>
<td title='com.webtest.wangyiran.NewGoodsEdit.test8()'><b>test8</b><br>Test class: com.webtest.wangyiran.NewGoodsEdit<br>Test method: 37在售商品页面编辑市场价格(失败用例:输入特殊字符)</td>
<td><div><pre>org.openqa.selenium.NoSuchFrameException: No frame element found by name or id wst-lframe-22
Build info: version: &apos;3.141.59&apos;, revision: &apos;e82be7d358&apos;, time: &apos;2018-11-14T08:25:53&apos;
System info: host: &apos;DESKTOP-RP7FE1C&apos;, ip: &apos;10.7.90.123&apos;, os.name: &apos;Windows 10&apos;, os.arch: &apos;amd64&apos;, os.version: &apos;10.0&apos;, java.version: &apos;1.8.0_73&apos;
Driver info: driver.version: unknown
	at org.openqa.selenium.remote.RemoteWebDriver$RemoteTargetLocator.frame(RemoteWebDriver.java:885)
	at com.webtest.core.WebDriverEngine.enterFrame(WebDriverEngine.java:64)
	at com.webtest.wangyiran.NewGoodsEdit.test8(NewGoodsEdit.java:137)
... Removed 25 stack frames</pre></div><a href='#' onClick='toggleBox("stack-trace67928167", this, "Click to show all stack frames", "Click to hide stack frames")'>Click to show all stack frames</a>
<div class='stack-trace' id='stack-trace67928167'><pre>org.openqa.selenium.NoSuchFrameException: No frame element found by name or id wst-lframe-22
Build info: version: &apos;3.141.59&apos;, revision: &apos;e82be7d358&apos;, time: &apos;2018-11-14T08:25:53&apos;
System info: host: &apos;DESKTOP-RP7FE1C&apos;, ip: &apos;10.7.90.123&apos;, os.name: &apos;Windows 10&apos;, os.arch: &apos;amd64&apos;, os.version: &apos;10.0&apos;, java.version: &apos;1.8.0_73&apos;
Driver info: driver.version: unknown
	at org.openqa.selenium.remote.RemoteWebDriver$RemoteTargetLocator.frame(RemoteWebDriver.java:885)
	at com.webtest.core.WebDriverEngine.enterFrame(WebDriverEngine.java:64)
	at com.webtest.wangyiran.NewGoodsEdit.test8(NewGoodsEdit.java:137)
	at sun.reflect.NativeMethodAccessorImpl.invoke0(Native Method)
	at sun.reflect.NativeMethodAccessorImpl.invoke(Unknown Source)
	at sun.reflect.DelegatingMethodAccessorImpl.invoke(Unknown Source)
	at java.lang.reflect.Method.invoke(Unknown Source)
	at org.testng.internal.MethodInvocationHelper.invokeMethod(MethodInvocationHelper.java:124)
	at org.testng.internal.Invoker.invokeMethod(Invoker.java:580)
	at org.testng.internal.Invoker.invokeTestMethod(Invoker.java:716)
	at org.testng.internal.Invoker.invokeTestMethods(Invoker.java:988)
	at org.testng.internal.TestMethodWorker.invokeTestMethods(TestMethodWorker.java:125)
	at org.testng.internal.TestMethodWorker.run(TestMethodWorker.java:109)
	at org.testng.TestRunner.privateRun(TestRunner.java:648)
	at org.testng.TestRunner.run(TestRunner.java:505)
	at org.testng.SuiteRunner.runTest(SuiteRunner.java:455)
	at org.testng.SuiteRunner.runSequentially(SuiteRunner.java:450)
	at org.testng.SuiteRunner.privateRun(SuiteRunner.java:415)
	at org.testng.SuiteRunner.run(SuiteRunner.java:364)
	at org.testng.SuiteRunnerWorker.runSuite(SuiteRunnerWorker.java:52)
	at org.testng.SuiteRunnerWorker.run(SuiteRunnerWorker.java:84)
	at org.testng.TestNG.runSuitesSequentially(TestNG.java:1208)
	at org.testng.TestNG.runSuitesLocally(TestNG.java:1137)
	at org.testng.TestNG.runSuites(TestNG.java:1049)
	at org.testng.TestNG.run(TestNG.java:1017)
	at org.testng.remote.AbstractRemoteTestNG.run(AbstractRemoteTestNG.java:114)
	at org.testng.remote.RemoteTestNG.initAndRun(RemoteTestNG.java:251)
	at org.testng.remote.RemoteTestNG.main(RemoteTestNG.java:77)
</pre></div></td>
<td>7</td>
<td>com.webtest.wangyiran.NewGoodsEdit@3e6fa38a</td></tr>
<tr>
<td title='com.webtest.wangyiran.ErrorSet.test8()'><b>test8</b><br>Test class: com.webtest.wangyiran.ErrorSet<br>Test method: 59查询商品属性(失败用例:输入特殊字符)</td>
<td><div><pre>java.lang.AssertionError: expected [true] but found [false]
	at com.webtest.wangyiran.ErrorSet.test8(ErrorSet.java:133)
... Removed 29 stack frames</pre></div><a href='#' onClick='toggleBox("stack-trace2075283526", this, "Click to show all stack frames", "Click to hide stack frames")'>Click to show all stack frames</a>
<div class='stack-trace' id='stack-trace2075283526'><pre>java.lang.AssertionError: expected [true] but found [false]
	at org.testng.Assert.fail(Assert.java:96)
	at org.testng.Assert.failNotEquals(Assert.java:776)
	at org.testng.Assert.assertTrue(Assert.java:44)
	at org.testng.Assert.assertTrue(Assert.java:54)
	at com.webtest.wangyiran.ErrorSet.test8(ErrorSet.java:133)
	at sun.reflect.NativeMethodAccessorImpl.invoke0(Native Method)
	at sun.reflect.NativeMethodAccessorImpl.invoke(Unknown Source)
	at sun.reflect.DelegatingMethodAccessorImpl.invoke(Unknown Source)
	at java.lang.reflect.Method.invoke(Unknown Source)
	at org.testng.internal.MethodInvocationHelper.invokeMethod(MethodInvocationHelper.java:124)
	at org.testng.internal.Invoker.invokeMethod(Invoker.java:580)
	at org.testng.internal.Invoker.invokeTestMethod(Invoker.java:716)
	at org.testng.internal.Invoker.invokeTestMethods(Invoker.java:988)
	at org.testng.internal.TestMethodWorker.invokeTestMethods(TestMethodWorker.java:125)
	at org.testng.internal.TestMethodWorker.run(TestMethodWorker.java:109)
	at org.testng.TestRunner.privateRun(TestRunner.java:648)
	at org.testng.TestRunner.run(TestRunner.java:505)
	at org.testng.SuiteRunner.runTest(SuiteRunner.java:455)
	at org.testng.SuiteRunner.runSequentially(SuiteRunner.java:450)
	at org.testng.SuiteRunner.privateRun(SuiteRunner.java:415)
	at org.testng.SuiteRunner.run(SuiteRunner.java:364)
	at org.testng.SuiteRunnerWorker.runSuite(SuiteRunnerWorker.java:52)
	at org.testng.SuiteRunnerWorker.run(SuiteRunnerWorker.java:84)
	at org.testng.TestNG.runSuitesSequentially(TestNG.java:1208)
	at org.testng.TestNG.runSuitesLocally(TestNG.java:1137)
	at org.testng.TestNG.runSuites(TestNG.java:1049)
	at org.testng.TestNG.run(TestNG.java:1017)
	at org.testng.remote.AbstractRemoteTestNG.run(AbstractRemoteTestNG.java:114)
	at org.testng.remote.RemoteTestNG.initAndRun(RemoteTestNG.java:251)
	at org.testng.remote.RemoteTestNG.main(RemoteTestNG.java:77)
</pre></div></td>
<td>16</td>
<td>com.webtest.wangyiran.ErrorSet@66a3ffec</td></tr>
<tr>
<td title='com.webtest.wangyiran.IsSalingButtonThing.test9()'><b>test9</b><br>Test class: com.webtest.wangyiran.IsSalingButtonThing<br>Test method: 14点击下一页按钮</td>
<td><div><pre>org.openqa.selenium.NoSuchFrameException: No frame element found by name or id wst-lframe-22
Build info: version: &apos;3.141.59&apos;, revision: &apos;e82be7d358&apos;, time: &apos;2018-11-14T08:25:53&apos;
System info: host: &apos;DESKTOP-RP7FE1C&apos;, ip: &apos;10.7.90.123&apos;, os.name: &apos;Windows 10&apos;, os.arch: &apos;amd64&apos;, os.version: &apos;10.0&apos;, java.version: &apos;1.8.0_73&apos;
Driver info: driver.version: unknown
	at org.openqa.selenium.remote.RemoteWebDriver$RemoteTargetLocator.frame(RemoteWebDriver.java:885)
	at com.webtest.core.WebDriverEngine.enterFrame(WebDriverEngine.java:64)
	at com.webtest.wangyiran.IsSalingButtonThing.test9(IsSalingButtonThing.java:138)
... Removed 25 stack frames</pre></div><a href='#' onClick='toggleBox("stack-trace1896712674", this, "Click to show all stack frames", "Click to hide stack frames")'>Click to show all stack frames</a>
<div class='stack-trace' id='stack-trace1896712674'><pre>org.openqa.selenium.NoSuchFrameException: No frame element found by name or id wst-lframe-22
Build info: version: &apos;3.141.59&apos;, revision: &apos;e82be7d358&apos;, time: &apos;2018-11-14T08:25:53&apos;
System info: host: &apos;DESKTOP-RP7FE1C&apos;, ip: &apos;10.7.90.123&apos;, os.name: &apos;Windows 10&apos;, os.arch: &apos;amd64&apos;, os.version: &apos;10.0&apos;, java.version: &apos;1.8.0_73&apos;
Driver info: driver.version: unknown
	at org.openqa.selenium.remote.RemoteWebDriver$RemoteTargetLocator.frame(RemoteWebDriver.java:885)
	at com.webtest.core.WebDriverEngine.enterFrame(WebDriverEngine.java:64)
	at com.webtest.wangyiran.IsSalingButtonThing.test9(IsSalingButtonThing.java:138)
	at sun.reflect.NativeMethodAccessorImpl.invoke0(Native Method)
	at sun.reflect.NativeMethodAccessorImpl.invoke(Unknown Source)
	at sun.reflect.DelegatingMethodAccessorImpl.invoke(Unknown Source)
	at java.lang.reflect.Method.invoke(Unknown Source)
	at org.testng.internal.MethodInvocationHelper.invokeMethod(MethodInvocationHelper.java:124)
	at org.testng.internal.Invoker.invokeMethod(Invoker.java:580)
	at org.testng.internal.Invoker.invokeTestMethod(Invoker.java:716)
	at org.testng.internal.Invoker.invokeTestMethods(Invoker.java:988)
	at org.testng.internal.TestMethodWorker.invokeTestMethods(TestMethodWorker.java:125)
	at org.testng.internal.TestMethodWorker.run(TestMethodWorker.java:109)
	at org.testng.TestRunner.privateRun(TestRunner.java:648)
	at org.testng.TestRunner.run(TestRunner.java:505)
	at org.testng.SuiteRunner.runTest(SuiteRunner.java:455)
	at org.testng.SuiteRunner.runSequentially(SuiteRunner.java:450)
	at org.testng.SuiteRunner.privateRun(SuiteRunner.java:415)
	at org.testng.SuiteRunner.run(SuiteRunner.java:364)
	at org.testng.SuiteRunnerWorker.runSuite(SuiteRunnerWorker.java:52)
	at org.testng.SuiteRunnerWorker.run(SuiteRunnerWorker.java:84)
	at org.testng.TestNG.runSuitesSequentially(TestNG.java:1208)
	at org.testng.TestNG.runSuitesLocally(TestNG.java:1137)
	at org.testng.TestNG.runSuites(TestNG.java:1049)
	at org.testng.TestNG.run(TestNG.java:1017)
	at org.testng.remote.AbstractRemoteTestNG.run(AbstractRemoteTestNG.java:114)
	at org.testng.remote.RemoteTestNG.initAndRun(RemoteTestNG.java:251)
	at org.testng.remote.RemoteTestNG.main(RemoteTestNG.java:77)
</pre></div></td>
<td>9</td>
<td>com.webtest.wangyiran.IsSalingButtonThing@27efef64</td></tr>
<tr>
<td title='com.webtest.wangyiran.NewGoodsEdit.test9()'><b>test9</b><br>Test class: com.webtest.wangyiran.NewGoodsEdit<br>Test method: 38在售商品页面编辑市场价格(失败用例:输入负数)</td>
<td><div><pre>org.openqa.selenium.NoSuchFrameException: No frame element found by name or id wst-lframe-22
Build info: version: &apos;3.141.59&apos;, revision: &apos;e82be7d358&apos;, time: &apos;2018-11-14T08:25:53&apos;
System info: host: &apos;DESKTOP-RP7FE1C&apos;, ip: &apos;10.7.90.123&apos;, os.name: &apos;Windows 10&apos;, os.arch: &apos;amd64&apos;, os.version: &apos;10.0&apos;, java.version: &apos;1.8.0_73&apos;
Driver info: driver.version: unknown
	at org.openqa.selenium.remote.RemoteWebDriver$RemoteTargetLocator.frame(RemoteWebDriver.java:885)
	at com.webtest.core.WebDriverEngine.enterFrame(WebDriverEngine.java:64)
	at com.webtest.wangyiran.NewGoodsEdit.test9(NewGoodsEdit.java:152)
... Removed 25 stack frames</pre></div><a href='#' onClick='toggleBox("stack-trace1192787792", this, "Click to show all stack frames", "Click to hide stack frames")'>Click to show all stack frames</a>
<div class='stack-trace' id='stack-trace1192787792'><pre>org.openqa.selenium.NoSuchFrameException: No frame element found by name or id wst-lframe-22
Build info: version: &apos;3.141.59&apos;, revision: &apos;e82be7d358&apos;, time: &apos;2018-11-14T08:25:53&apos;
System info: host: &apos;DESKTOP-RP7FE1C&apos;, ip: &apos;10.7.90.123&apos;, os.name: &apos;Windows 10&apos;, os.arch: &apos;amd64&apos;, os.version: &apos;10.0&apos;, java.version: &apos;1.8.0_73&apos;
Driver info: driver.version: unknown
	at org.openqa.selenium.remote.RemoteWebDriver$RemoteTargetLocator.frame(RemoteWebDriver.java:885)
	at com.webtest.core.WebDriverEngine.enterFrame(WebDriverEngine.java:64)
	at com.webtest.wangyiran.NewGoodsEdit.test9(NewGoodsEdit.java:152)
	at sun.reflect.NativeMethodAccessorImpl.invoke0(Native Method)
	at sun.reflect.NativeMethodAccessorImpl.invoke(Unknown Source)
	at sun.reflect.DelegatingMethodAccessorImpl.invoke(Unknown Source)
	at java.lang.reflect.Method.invoke(Unknown Source)
	at org.testng.internal.MethodInvocationHelper.invokeMethod(MethodInvocationHelper.java:124)
	at org.testng.internal.Invoker.invokeMethod(Invoker.java:580)
	at org.testng.internal.Invoker.invokeTestMethod(Invoker.java:716)
	at org.testng.internal.Invoker.invokeTestMethods(Invoker.java:988)
	at org.testng.internal.TestMethodWorker.invokeTestMethods(TestMethodWorker.java:125)
	at org.testng.internal.TestMethodWorker.run(TestMethodWorker.java:109)
	at org.testng.TestRunner.privateRun(TestRunner.java:648)
	at org.testng.TestRunner.run(TestRunner.java:505)
	at org.testng.SuiteRunner.runTest(SuiteRunner.java:455)
	at org.testng.SuiteRunner.runSequentially(SuiteRunner.java:450)
	at org.testng.SuiteRunner.privateRun(SuiteRunner.java:415)
	at org.testng.SuiteRunner.run(SuiteRunner.java:364)
	at org.testng.SuiteRunnerWorker.runSuite(SuiteRunnerWorker.java:52)
	at org.testng.SuiteRunnerWorker.run(SuiteRunnerWorker.java:84)
	at org.testng.TestNG.runSuitesSequentially(TestNG.java:1208)
	at org.testng.TestNG.runSuitesLocally(TestNG.java:1137)
	at org.testng.TestNG.runSuites(TestNG.java:1049)
	at org.testng.TestNG.run(TestNG.java:1017)
	at org.testng.remote.AbstractRemoteTestNG.run(AbstractRemoteTestNG.java:114)
	at org.testng.remote.RemoteTestNG.initAndRun(RemoteTestNG.java:251)
	at org.testng.remote.RemoteTestNG.main(RemoteTestNG.java:77)
</pre></div></td>
<td>7</td>
<td>com.webtest.wangyiran.NewGoodsEdit@3e6fa38a</td></tr>
<tr>
<td title='com.webtest.wangyiran.ErrorSet.test9()'><b>test9</b><br>Test class: com.webtest.wangyiran.ErrorSet<br>Test method: 58查询商品属性(成功用例)</td>
<td><div><pre>java.lang.AssertionError: expected [true] but found [false]
	at com.webtest.wangyiran.ErrorSet.test9(ErrorSet.java:147)
... Removed 29 stack frames</pre></div><a href='#' onClick='toggleBox("stack-trace1479645341", this, "Click to show all stack frames", "Click to hide stack frames")'>Click to show all stack frames</a>
<div class='stack-trace' id='stack-trace1479645341'><pre>java.lang.AssertionError: expected [true] but found [false]
	at org.testng.Assert.fail(Assert.java:96)
	at org.testng.Assert.failNotEquals(Assert.java:776)
	at org.testng.Assert.assertTrue(Assert.java:44)
	at org.testng.Assert.assertTrue(Assert.java:54)
	at com.webtest.wangyiran.ErrorSet.test9(ErrorSet.java:147)
	at sun.reflect.NativeMethodAccessorImpl.invoke0(Native Method)
	at sun.reflect.NativeMethodAccessorImpl.invoke(Unknown Source)
	at sun.reflect.DelegatingMethodAccessorImpl.invoke(Unknown Source)
	at java.lang.reflect.Method.invoke(Unknown Source)
	at org.testng.internal.MethodInvocationHelper.invokeMethod(MethodInvocationHelper.java:124)
	at org.testng.internal.Invoker.invokeMethod(Invoker.java:580)
	at org.testng.internal.Invoker.invokeTestMethod(Invoker.java:716)
	at org.testng.internal.Invoker.invokeTestMethods(Invoker.java:988)
	at org.testng.internal.TestMethodWorker.invokeTestMethods(TestMethodWorker.java:125)
	at org.testng.internal.TestMethodWorker.run(TestMethodWorker.java:109)
	at org.testng.TestRunner.privateRun(TestRunner.java:648)
	at org.testng.TestRunner.run(TestRunner.java:505)
	at org.testng.SuiteRunner.runTest(SuiteRunner.java:455)
	at org.testng.SuiteRunner.runSequentially(SuiteRunner.java:450)
	at org.testng.SuiteRunner.privateRun(SuiteRunner.java:415)
	at org.testng.SuiteRunner.run(SuiteRunner.java:364)
	at org.testng.SuiteRunnerWorker.runSuite(SuiteRunnerWorker.java:52)
	at org.testng.SuiteRunnerWorker.run(SuiteRunnerWorker.java:84)
	at org.testng.TestNG.runSuitesSequentially(TestNG.java:1208)
	at org.testng.TestNG.runSuitesLocally(TestNG.java:1137)
	at org.testng.TestNG.runSuites(TestNG.java:1049)
	at org.testng.TestNG.run(TestNG.java:1017)
	at org.testng.remote.AbstractRemoteTestNG.run(AbstractRemoteTestNG.java:114)
	at org.testng.remote.RemoteTestNG.initAndRun(RemoteTestNG.java:251)
	at org.testng.remote.RemoteTestNG.main(RemoteTestNG.java:77)
</pre></div></td>
<td>16</td>
<td>com.webtest.wangyiran.ErrorSet@66a3ffec</td></tr>
</table><p>
<table width='100%' border='1' class='invocation-passed'>
<tr><td colspan='4' align='center'><b>PASSED TESTS</b></td></tr>
<tr><td><b>Test method</b></td>
<td width="30%"><b>Exception</b></td>
<td width="10%"><b>Time (seconds)</b></td>
<td><b>Instance</b></td>
</tr>
<tr>
<td title='com.webtest.wangyiran.BrandManagment.test1()'><b>test1</b><br>Test class: com.webtest.wangyiran.BrandManagment<br>Test method: 61成功查询品牌名称</td>
<td></td>
<td>16</td>
<td>com.webtest.wangyiran.BrandManagment@3532ec19</td></tr>
<tr>
<td title='com.webtest.wangyiran.CommodityClassificationShow.test1()'><b>test1</b><br>Test class: com.webtest.wangyiran.CommodityClassificationShow<br>Test method: 01成功修改推荐</td>
<td></td>
<td>16</td>
<td>com.webtest.wangyiran.CommodityClassificationShow@68c4039c</td></tr>
<tr>
<td title='com.webtest.wangyiran.GoodsClassification.test1()'><b>test1</b><br>Test class: com.webtest.wangyiran.GoodsClassification<br>Test method: 56成功修改商品推荐</td>
<td></td>
<td>13</td>
<td>com.webtest.wangyiran.GoodsClassification@ae45eb6</td></tr>
<tr>
<td title='com.webtest.wangyiran.IsSailOperate.test1()'><b>test1</b><br>Test class: com.webtest.wangyiran.IsSailOperate<br>Test method: 04成功点击编辑选项</td>
<td></td>
<td>22</td>
<td>com.webtest.wangyiran.IsSailOperate@59f99ea</td></tr>
<tr>
<td title='com.webtest.wangyiran.IsSalingButtonThing.test1()'><b>test1</b><br>Test class: com.webtest.wangyiran.IsSalingButtonThing<br>Test method: 05点击推荐按钮推荐商品</td>
<td></td>
<td>22</td>
<td>com.webtest.wangyiran.IsSalingButtonThing@27efef64</td></tr>
<tr>
<td title='com.webtest.wangyiran.IsSalingDoubleClick.test1()'><b>test1</b><br>Test class: com.webtest.wangyiran.IsSalingDoubleClick<br>Test method: 18双击推荐</td>
<td></td>
<td>17</td>
<td>com.webtest.wangyiran.IsSalingDoubleClick@6f7fd0e6</td></tr>
<tr>
<td title='com.webtest.wangyiran.IsSalingSelect.test1()'><b>test1</b><br>Test class: com.webtest.wangyiran.IsSalingSelect<br>Test method: 22不选择任何条件进行查询</td>
<td></td>
<td>17</td>
<td>com.webtest.wangyiran.IsSalingSelect@47c62251</td></tr>
<tr>
<td title='com.webtest.wangyiran.NewGoodsEdit.test1()'><b>test1</b><br>Test class: com.webtest.wangyiran.NewGoodsEdit<br>Test method: 25 在售商品页面编辑商品名称(成功用例)</td>
<td></td>
<td>20</td>
<td>com.webtest.wangyiran.NewGoodsEdit@3e6fa38a</td></tr>
<tr>
<td title='com.webtest.wangyiran.NewGoodsEdit.test10()'><b>test10</b><br>Test class: com.webtest.wangyiran.NewGoodsEdit<br>Test method: 39在售商品页面编辑市场价格(失败用例:输入空白)</td>
<td></td>
<td>19</td>
<td>com.webtest.wangyiran.NewGoodsEdit@3e6fa38a</td></tr>
<tr>
<td title='com.webtest.wangyiran.NewGoodsEdit.test11()'><b>test11</b><br>Test class: com.webtest.wangyiran.NewGoodsEdit<br>Test method: 40在售商品页面编辑商品库存(成功用例)</td>
<td></td>
<td>20</td>
<td>com.webtest.wangyiran.NewGoodsEdit@3e6fa38a</td></tr>
<tr>
<td title='com.webtest.wangyiran.NewGoodsEdit.test12()'><b>test12</b><br>Test class: com.webtest.wangyiran.NewGoodsEdit<br>Test method: 41在售商品页面编辑商品库存(失败用例:输入负数)</td>
<td></td>
<td>22</td>
<td>com.webtest.wangyiran.NewGoodsEdit@3e6fa38a</td></tr>
<tr>
<td title='com.webtest.wangyiran.NewGoodsEdit.test13()'><b>test13</b><br>Test class: com.webtest.wangyiran.NewGoodsEdit<br>Test method: 42在售商品页面编辑商品库存(失败用例:输入字符)</td>
<td></td>
<td>22</td>
<td>com.webtest.wangyiran.NewGoodsEdit@3e6fa38a</td></tr>
<tr>
<td title='com.webtest.wangyiran.NewGoodsEdit.test14()'><b>test14</b><br>Test class: com.webtest.wangyiran.NewGoodsEdit<br>Test method: 43在售商品页面编辑商品库存(失败用例:输入为空)</td>
<td></td>
<td>19</td>
<td>com.webtest.wangyiran.NewGoodsEdit@3e6fa38a</td></tr>
<tr>
<td title='com.webtest.wangyiran.NewGoodsEdit.test15()'><b>test15</b><br>Test class: com.webtest.wangyiran.NewGoodsEdit<br>Test method: 44在售商品页面编辑预警库存(成功用例)</td>
<td></td>
<td>21</td>
<td>com.webtest.wangyiran.NewGoodsEdit@3e6fa38a</td></tr>
<tr>
<td title='com.webtest.wangyiran.NewGoodsEdit.test16()'><b>test16</b><br>Test class: com.webtest.wangyiran.NewGoodsEdit<br>Test method: 45在售商品页面编辑商品单位(成功用例)</td>
<td></td>
<td>26</td>
<td>com.webtest.wangyiran.NewGoodsEdit@3e6fa38a</td></tr>
<tr>
<td title='com.webtest.wangyiran.NewGoodsEdit.test17()'><b>test17</b><br>Test class: com.webtest.wangyiran.NewGoodsEdit<br>Test method: 46在售商品页面编辑商品单位(失败用例:商品单位为空)</td>
<td></td>
<td>19</td>
<td>com.webtest.wangyiran.NewGoodsEdit@3e6fa38a</td></tr>
<tr>
<td title='com.webtest.wangyiran.NewGoodsEdit.test18()'><b>test18</b><br>Test class: com.webtest.wangyiran.NewGoodsEdit<br>Test method: 49修改商品状态</td>
<td></td>
<td>24</td>
<td>com.webtest.wangyiran.NewGoodsEdit@3e6fa38a</td></tr>
<tr>
<td title='com.webtest.wangyiran.NewGoodsEdit.test19()'><b>test19</b><br>Test class: com.webtest.wangyiran.NewGoodsEdit<br>Test method: 50修改商品属性</td>
<td></td>
<td>24</td>
<td>com.webtest.wangyiran.NewGoodsEdit@3e6fa38a</td></tr>
<tr>
<td title='com.webtest.wangyiran.BrandManagment.test2()'><b>test2</b><br>Test class: com.webtest.wangyiran.BrandManagment<br>Test method: 64修改品牌名称(成功用例)</td>
<td></td>
<td>20</td>
<td>com.webtest.wangyiran.BrandManagment@3532ec19</td></tr>
<tr>
<td title='com.webtest.wangyiran.CommodityClassificationShow.test2()'><b>test2</b><br>Test class: com.webtest.wangyiran.CommodityClassificationShow<br>Test method: 02成功修改展示</td>
<td></td>
<td>16</td>
<td>com.webtest.wangyiran.CommodityClassificationShow@68c4039c</td></tr>
<tr>
<td title='com.webtest.wangyiran.GoodsClassification.test2()'><b>test2</b><br>Test class: com.webtest.wangyiran.GoodsClassification<br>Test method: 57成功修改商品展示隐藏</td>
<td></td>
<td>13</td>
<td>com.webtest.wangyiran.GoodsClassification@ae45eb6</td></tr>
<tr>
<td title='com.webtest.wangyiran.IsSailOperate.test2()'><b>test2</b><br>Test class: com.webtest.wangyiran.IsSailOperate<br>Test method: 03成功点击查看选项</td>
<td></td>
<td>18</td>
<td>com.webtest.wangyiran.IsSailOperate@59f99ea</td></tr>
<tr>
<td title='com.webtest.wangyiran.IsSalingButtonThing.test2()'><b>test2</b><br>Test class: com.webtest.wangyiran.IsSalingButtonThing<br>Test method: 06点击精品按钮将商品设置为精品</td>
<td></td>
<td>22</td>
<td>com.webtest.wangyiran.IsSalingButtonThing@27efef64</td></tr>
<tr>
<td title='com.webtest.wangyiran.IsSalingDoubleClick.test2()'><b>test2</b><br>Test class: com.webtest.wangyiran.IsSalingDoubleClick<br>Test method: 19双击精品</td>
<td></td>
<td>17</td>
<td>com.webtest.wangyiran.IsSalingDoubleClick@6f7fd0e6</td></tr>
<tr>
<td title='com.webtest.wangyiran.NewGoodsEdit.test2()'><b>test2</b><br>Test class: com.webtest.wangyiran.NewGoodsEdit<br>Test method: 26 在售商品页面编辑商品名称(失败用例:商品名称为空格)</td>
<td></td>
<td>17</td>
<td>com.webtest.wangyiran.NewGoodsEdit@3e6fa38a</td></tr>
<tr>
<td title='com.webtest.wangyiran.NewGoodsEdit.test20()'><b>test20</b><br>Test class: com.webtest.wangyiran.NewGoodsEdit<br>Test method: 51修改本店分类(成功用例)</td>
<td></td>
<td>42</td>
<td>com.webtest.wangyiran.NewGoodsEdit@3e6fa38a</td></tr>
<tr>
<td title='com.webtest.wangyiran.BrandManagment.test3()'><b>test3</b><br>Test class: com.webtest.wangyiran.BrandManagment<br>Test method: 65修改品牌名称(失败用例:输入空白)</td>
<td></td>
<td>20</td>
<td>com.webtest.wangyiran.BrandManagment@3532ec19</td></tr>
<tr>
<td title='com.webtest.wangyiran.CommodityClassificationShow.test3()'><b>test3</b><br>Test class: com.webtest.wangyiran.CommodityClassificationShow<br>Test method: 60查询商品属性(成功用例:输入空白)</td>
<td></td>
<td>16</td>
<td>com.webtest.wangyiran.CommodityClassificationShow@68c4039c</td></tr>
<tr>
<td title='com.webtest.wangyiran.IsSalingButtonThing.test3()'><b>test3</b><br>Test class: com.webtest.wangyiran.IsSalingButtonThing<br>Test method: 07点击新品按钮将商品设置为新品</td>
<td></td>
<td>22</td>
<td>com.webtest.wangyiran.IsSalingButtonThing@27efef64</td></tr>
<tr>
<td title='com.webtest.wangyiran.IsSalingDoubleClick.test3()'><b>test3</b><br>Test class: com.webtest.wangyiran.IsSalingDoubleClick<br>Test method: 20双击新品</td>
<td></td>
<td>17</td>
<td>com.webtest.wangyiran.IsSalingDoubleClick@6f7fd0e6</td></tr>
<tr>
<td title='com.webtest.wangyiran.BrandManagment.test4()'><b>test4</b><br>Test class: com.webtest.wangyiran.BrandManagment<br>Test method: 67下拉列表查询(成功用例)</td>
<td></td>
<td>22</td>
<td>com.webtest.wangyiran.BrandManagment@3532ec19</td></tr>
<tr>
<td title='com.webtest.wangyiran.IsSalingButtonThing.test4()'><b>test4</b><br>Test class: com.webtest.wangyiran.IsSalingButtonThing<br>Test method: 08点击热销按钮将商品设置为热销</td>
<td></td>
<td>22</td>
<td>com.webtest.wangyiran.IsSalingButtonThing@27efef64</td></tr>
<tr>
<td title='com.webtest.wangyiran.IsSalingDoubleClick.test4()'><b>test4</b><br>Test class: com.webtest.wangyiran.IsSalingDoubleClick<br>Test method: 21双击热销</td>
<td></td>
<td>17</td>
<td>com.webtest.wangyiran.IsSalingDoubleClick@6f7fd0e6</td></tr>
<tr>
<td title='com.webtest.wangyiran.IsSalingButtonThing.test5()'><b>test5</b><br>Test class: com.webtest.wangyiran.IsSalingButtonThing<br>Test method: 09点击刷新按钮</td>
<td></td>
<td>19</td>
<td>com.webtest.wangyiran.IsSalingButtonThing@27efef64</td></tr>
<tr>
<td title='com.webtest.wangyiran.IsSalingButtonThing.test6()'><b>test6</b><br>Test class: com.webtest.wangyiran.IsSalingButtonThing<br>Test method: 11点击第一页按钮</td>
<td></td>
<td>18</td>
<td>com.webtest.wangyiran.IsSalingButtonThing@27efef64</td></tr>
<tr>
<td title='com.webtest.wangyiran.IsSalingButtonThing.test7()'><b>test7</b><br>Test class: com.webtest.wangyiran.IsSalingButtonThing<br>Test method: 12点击最后一页按钮</td>
<td></td>
<td>18</td>
<td>com.webtest.wangyiran.IsSalingButtonThing@27efef64</td></tr>
<tr>
<td title='com.webtest.wangyiran.IsSalingButtonThing.test8()'><b>test8</b><br>Test class: com.webtest.wangyiran.IsSalingButtonThing<br>Test method: 13点击上一页按钮</td>
<td></td>
<td>18</td>
<td>com.webtest.wangyiran.IsSalingButtonThing@27efef64</td></tr>
</table><p>
</body>
</html>