<?xml version="1.0" encoding="UTF-8"?>
<!-- Generated by org.testng.reporters.JUnitXMLReporter -->
<testsuite hostname="DESKTOP-RP7FE1C" ignored="0" name="test" tests="59" failures="22" timestamp="12 十二月 2019 03:18:42 GMT" time="1445.047" errors="0">
  <testcase name="test1" time="16.963" classname="com.webtest.wangyiran.BrandManagment"/>
  <testcase name="test2" time="20.517" classname="com.webtest.wangyiran.BrandManagment"/>
  <testcase name="test3" time="20.35" classname="com.webtest.wangyiran.BrandManagment"/>
  <testcase name="test4" time="22.313" classname="com.webtest.wangyiran.BrandManagment"/>
  <testcase name="test1" time="16.954" classname="com.webtest.wangyiran.CommodityClassificationShow"/>
  <testcase name="test2" time="16.806" classname="com.webtest.wangyiran.CommodityClassificationShow"/>
  <testcase name="test3" time="16.995" classname="com.webtest.wangyiran.CommodityClassificationShow"/>
  <testcase name="test1" time="13.657" classname="com.webtest.wangyiran.GoodsClassification"/>
  <testcase name="test2" time="13.58" classname="com.webtest.wangyiran.GoodsClassification"/>
  <testcase name="test1" time="22.783" classname="com.webtest.wangyiran.IsSailOperate"/>
  <testcase name="test2" time="18.639" classname="com.webtest.wangyiran.IsSailOperate"/>
  <testcase name="test1" time="22.117" classname="com.webtest.wangyiran.IsSalingButtonThing"/>
  <testcase name="test2" time="22.119" classname="com.webtest.wangyiran.IsSalingButtonThing"/>
  <testcase name="test3" time="22.116" classname="com.webtest.wangyiran.IsSalingButtonThing"/>
  <testcase name="test4" time="22.18" classname="com.webtest.wangyiran.IsSalingButtonThing"/>
  <testcase name="test5" time="19.026" classname="com.webtest.wangyiran.IsSalingButtonThing"/>
  <testcase name="test6" time="18.867" classname="com.webtest.wangyiran.IsSalingButtonThing"/>
  <testcase name="test7" time="18.893" classname="com.webtest.wangyiran.IsSalingButtonThing"/>
  <testcase name="test8" time="18.857" classname="com.webtest.wangyiran.IsSalingButtonThing"/>
  <testcase name="test9" time="9.034" classname="com.webtest.wangyiran.IsSalingButtonThing">
    <failure type="org.openqa.selenium.NoSuchFrameException" message="No frame element found by name or id wst-lframe-22
Build info: version: &amp;apos;3.141.59&amp;apos;, revision: &amp;apos;e82be7d358&amp;apos;, time: &amp;apos;2018-11-14T08:25:53&amp;apos;
System info: host: &amp;apos;DESKTOP-RP7FE1C&amp;apos;, ip: &amp;apos;10.7.90.123&amp;apos;, os.name: &amp;apos;Windows 10&amp;apos;, os.arch: &amp;apos;amd64&amp;apos;, os.version: &amp;apos;10.0&amp;apos;, java.version: &amp;apos;1.8.0_73&amp;apos;
Driver info: driver.version: unknown">
      <![CDATA[org.openqa.selenium.NoSuchFrameException: No frame element found by name or id wst-lframe-22
Build info: version: '3.141.59', revision: 'e82be7d358', time: '2018-11-14T08:25:53'
System info: host: 'DESKTOP-RP7FE1C', ip: '10.7.90.123', os.name: 'Windows 10', os.arch: 'amd64', os.version: '10.0', java.version: '1.8.0_73'
Driver info: driver.version: unknown
at org.openqa.selenium.remote.RemoteWebDriver$RemoteTargetLocator.frame(RemoteWebDriver.java:885)
at com.webtest.core.WebDriverEngine.enterFrame(WebDriverEngine.java:64)
at com.webtest.wangyiran.IsSalingButtonThing.test9(IsSalingButtonThing.java:138)
... Removed 25 stack frames]]>
    </failure>
  </testcase> <!-- test9 -->
  <testcase name="test1" time="17.834" classname="com.webtest.wangyiran.IsSalingDoubleClick"/>
  <testcase name="test2" time="17.778" classname="com.webtest.wangyiran.IsSalingDoubleClick"/>
  <testcase name="test3" time="17.854" classname="com.webtest.wangyiran.IsSalingDoubleClick"/>
  <testcase name="test4" time="17.799" classname="com.webtest.wangyiran.IsSalingDoubleClick"/>
  <testcase name="test1" time="17.197" classname="com.webtest.wangyiran.IsSalingSelect"/>
  <testcase name="test2" time="21.039" classname="com.webtest.wangyiran.IsSalingSelect">
    <failure type="java.lang.AssertionError" message="expected [true] but found [false]">
      <![CDATA[java.lang.AssertionError: expected [true] but found [false]
at com.webtest.wangyiran.IsSalingSelect.test2(IsSalingSelect.java:36)
... Removed 29 stack frames]]>
    </failure>
  </testcase> <!-- test2 -->
  <testcase name="test3" time="9.052" classname="com.webtest.wangyiran.IsSalingSelect">
    <failure type="org.openqa.selenium.NoSuchFrameException" message="No frame element found by name or id wst-lframe-22
Build info: version: &amp;apos;3.141.59&amp;apos;, revision: &amp;apos;e82be7d358&amp;apos;, time: &amp;apos;2018-11-14T08:25:53&amp;apos;
System info: host: &amp;apos;DESKTOP-RP7FE1C&amp;apos;, ip: &amp;apos;10.7.90.123&amp;apos;, os.name: &amp;apos;Windows 10&amp;apos;, os.arch: &amp;apos;amd64&amp;apos;, os.version: &amp;apos;10.0&amp;apos;, java.version: &amp;apos;1.8.0_73&amp;apos;
Driver info: driver.version: unknown">
      <![CDATA[org.openqa.selenium.NoSuchFrameException: No frame element found by name or id wst-lframe-22
Build info: version: '3.141.59', revision: 'e82be7d358', time: '2018-11-14T08:25:53'
System info: host: 'DESKTOP-RP7FE1C', ip: '10.7.90.123', os.name: 'Windows 10', os.arch: 'amd64', os.version: '10.0', java.version: '1.8.0_73'
Driver info: driver.version: unknown
at org.openqa.selenium.remote.RemoteWebDriver$RemoteTargetLocator.frame(RemoteWebDriver.java:885)
at com.webtest.core.WebDriverEngine.enterFrame(WebDriverEngine.java:64)
at com.webtest.wangyiran.IsSalingSelect.test3(IsSalingSelect.java:47)
... Removed 25 stack frames]]>
    </failure>
  </testcase> <!-- test3 -->
  <testcase name="test1" time="20.836" classname="com.webtest.wangyiran.NewGoodsEdit"/>
  <testcase name="test10" time="19.311" classname="com.webtest.wangyiran.NewGoodsEdit"/>
  <testcase name="test11" time="20.83" classname="com.webtest.wangyiran.NewGoodsEdit"/>
  <testcase name="test12" time="22.529" classname="com.webtest.wangyiran.NewGoodsEdit"/>
  <testcase name="test13" time="22.468" classname="com.webtest.wangyiran.NewGoodsEdit"/>
  <testcase name="test14" time="19.313" classname="com.webtest.wangyiran.NewGoodsEdit"/>
  <testcase name="test15" time="21.096" classname="com.webtest.wangyiran.NewGoodsEdit"/>
  <testcase name="test16" time="26.418" classname="com.webtest.wangyiran.NewGoodsEdit"/>
  <testcase name="test17" time="19.317" classname="com.webtest.wangyiran.NewGoodsEdit"/>
  <testcase name="test18" time="24.005" classname="com.webtest.wangyiran.NewGoodsEdit"/>
  <testcase name="test19" time="24.162" classname="com.webtest.wangyiran.NewGoodsEdit"/>
  <testcase name="test2" time="17.28" classname="com.webtest.wangyiran.NewGoodsEdit"/>
  <testcase name="test20" time="42.928" classname="com.webtest.wangyiran.NewGoodsEdit"/>
  <testcase name="test3" time="22.605" classname="com.webtest.wangyiran.NewGoodsEdit">
    <failure type="java.lang.AssertionError" message="expected [true] but found [false]">
      <![CDATA[java.lang.AssertionError: expected [true] but found [false]
at com.webtest.wangyiran.NewGoodsEdit.test3(NewGoodsEdit.java:58)
... Removed 29 stack frames]]>
    </failure>
  </testcase> <!-- test3 -->
  <testcase name="test4" time="7.064" classname="com.webtest.wangyiran.NewGoodsEdit">
    <failure type="org.openqa.selenium.NoSuchFrameException" message="No frame element found by name or id wst-lframe-22
Build info: version: &amp;apos;3.141.59&amp;apos;, revision: &amp;apos;e82be7d358&amp;apos;, time: &amp;apos;2018-11-14T08:25:53&amp;apos;
System info: host: &amp;apos;DESKTOP-RP7FE1C&amp;apos;, ip: &amp;apos;10.7.90.123&amp;apos;, os.name: &amp;apos;Windows 10&amp;apos;, os.arch: &amp;apos;amd64&amp;apos;, os.version: &amp;apos;10.0&amp;apos;, java.version: &amp;apos;1.8.0_73&amp;apos;
Driver info: driver.version: unknown">
      <![CDATA[org.openqa.selenium.NoSuchFrameException: No frame element found by name or id wst-lframe-22
Build info: version: '3.141.59', revision: 'e82be7d358', time: '2018-11-14T08:25:53'
System info: host: 'DESKTOP-RP7FE1C', ip: '10.7.90.123', os.name: 'Windows 10', os.arch: 'amd64', os.version: '10.0', java.version: '1.8.0_73'
Driver info: driver.version: unknown
at org.openqa.selenium.remote.RemoteWebDriver$RemoteTargetLocator.frame(RemoteWebDriver.java:885)
at com.webtest.core.WebDriverEngine.enterFrame(WebDriverEngine.java:64)
at com.webtest.wangyiran.NewGoodsEdit.test4(NewGoodsEdit.java:71)
... Removed 25 stack frames]]>
    </failure>
  </testcase> <!-- test4 -->
  <testcase name="test5" time="7.047" classname="com.webtest.wangyiran.NewGoodsEdit">
    <failure type="org.openqa.selenium.NoSuchFrameException" message="No frame element found by name or id wst-lframe-22
Build info: version: &amp;apos;3.141.59&amp;apos;, revision: &amp;apos;e82be7d358&amp;apos;, time: &amp;apos;2018-11-14T08:25:53&amp;apos;
System info: host: &amp;apos;DESKTOP-RP7FE1C&amp;apos;, ip: &amp;apos;10.7.90.123&amp;apos;, os.name: &amp;apos;Windows 10&amp;apos;, os.arch: &amp;apos;amd64&amp;apos;, os.version: &amp;apos;10.0&amp;apos;, java.version: &amp;apos;1.8.0_73&amp;apos;
Driver info: driver.version: unknown">
      <![CDATA[org.openqa.selenium.NoSuchFrameException: No frame element found by name or id wst-lframe-22
Build info: version: '3.141.59', revision: 'e82be7d358', time: '2018-11-14T08:25:53'
System info: host: 'DESKTOP-RP7FE1C', ip: '10.7.90.123', os.name: 'Windows 10', os.arch: 'amd64', os.version: '10.0', java.version: '1.8.0_73'
Driver info: driver.version: unknown
at org.openqa.selenium.remote.RemoteWebDriver$RemoteTargetLocator.frame(RemoteWebDriver.java:885)
at com.webtest.core.WebDriverEngine.enterFrame(WebDriverEngine.java:64)
at com.webtest.wangyiran.NewGoodsEdit.test5(NewGoodsEdit.java:86)
... Removed 25 stack frames]]>
    </failure>
  </testcase> <!-- test5 -->
  <testcase name="test6" time="7.056" classname="com.webtest.wangyiran.NewGoodsEdit">
    <failure type="org.openqa.selenium.NoSuchFrameException" message="No frame element found by name or id wst-lframe-22
Build info: version: &amp;apos;3.141.59&amp;apos;, revision: &amp;apos;e82be7d358&amp;apos;, time: &amp;apos;2018-11-14T08:25:53&amp;apos;
System info: host: &amp;apos;DESKTOP-RP7FE1C&amp;apos;, ip: &amp;apos;10.7.90.123&amp;apos;, os.name: &amp;apos;Windows 10&amp;apos;, os.arch: &amp;apos;amd64&amp;apos;, os.version: &amp;apos;10.0&amp;apos;, java.version: &amp;apos;1.8.0_73&amp;apos;
Driver info: driver.version: unknown">
      <![CDATA[org.openqa.selenium.NoSuchFrameException: No frame element found by name or id wst-lframe-22
Build info: version: '3.141.59', revision: 'e82be7d358', time: '2018-11-14T08:25:53'
System info: host: 'DESKTOP-RP7FE1C', ip: '10.7.90.123', os.name: 'Windows 10', os.arch: 'amd64', os.version: '10.0', java.version: '1.8.0_73'
Driver info: driver.version: unknown
at org.openqa.selenium.remote.RemoteWebDriver$RemoteTargetLocator.frame(RemoteWebDriver.java:885)
at com.webtest.core.WebDriverEngine.enterFrame(WebDriverEngine.java:64)
at com.webtest.wangyiran.NewGoodsEdit.test6(NewGoodsEdit.java:105)
... Removed 25 stack frames]]>
    </failure>
  </testcase> <!-- test6 -->
  <testcase name="test7" time="7.055" classname="com.webtest.wangyiran.NewGoodsEdit">
    <failure type="org.openqa.selenium.NoSuchFrameException" message="No frame element found by name or id wst-lframe-22
Build info: version: &amp;apos;3.141.59&amp;apos;, revision: &amp;apos;e82be7d358&amp;apos;, time: &amp;apos;2018-11-14T08:25:53&amp;apos;
System info: host: &amp;apos;DESKTOP-RP7FE1C&amp;apos;, ip: &amp;apos;10.7.90.123&amp;apos;, os.name: &amp;apos;Windows 10&amp;apos;, os.arch: &amp;apos;amd64&amp;apos;, os.version: &amp;apos;10.0&amp;apos;, java.version: &amp;apos;1.8.0_73&amp;apos;
Driver info: driver.version: unknown">
      <![CDATA[org.openqa.selenium.NoSuchFrameException: No frame element found by name or id wst-lframe-22
Build info: version: '3.141.59', revision: 'e82be7d358', time: '2018-11-14T08:25:53'
System info: host: 'DESKTOP-RP7FE1C', ip: '10.7.90.123', os.name: 'Windows 10', os.arch: 'amd64', os.version: '10.0', java.version: '1.8.0_73'
Driver info: driver.version: unknown
at org.openqa.selenium.remote.RemoteWebDriver$RemoteTargetLocator.frame(RemoteWebDriver.java:885)
at com.webtest.core.WebDriverEngine.enterFrame(WebDriverEngine.java:64)
at com.webtest.wangyiran.NewGoodsEdit.test7(NewGoodsEdit.java:122)
... Removed 25 stack frames]]>
    </failure>
  </testcase> <!-- test7 -->
  <testcase name="test8" time="7.07" classname="com.webtest.wangyiran.NewGoodsEdit">
    <failure type="org.openqa.selenium.NoSuchFrameException" message="No frame element found by name or id wst-lframe-22
Build info: version: &amp;apos;3.141.59&amp;apos;, revision: &amp;apos;e82be7d358&amp;apos;, time: &amp;apos;2018-11-14T08:25:53&amp;apos;
System info: host: &amp;apos;DESKTOP-RP7FE1C&amp;apos;, ip: &amp;apos;10.7.90.123&amp;apos;, os.name: &amp;apos;Windows 10&amp;apos;, os.arch: &amp;apos;amd64&amp;apos;, os.version: &amp;apos;10.0&amp;apos;, java.version: &amp;apos;1.8.0_73&amp;apos;
Driver info: driver.version: unknown">
      <![CDATA[org.openqa.selenium.NoSuchFrameException: No frame element found by name or id wst-lframe-22
Build info: version: '3.141.59', revision: 'e82be7d358', time: '2018-11-14T08:25:53'
System info: host: 'DESKTOP-RP7FE1C', ip: '10.7.90.123', os.name: 'Windows 10', os.arch: 'amd64', os.version: '10.0', java.version: '1.8.0_73'
Driver info: driver.version: unknown
at org.openqa.selenium.remote.RemoteWebDriver$RemoteTargetLocator.frame(RemoteWebDriver.java:885)
at com.webtest.core.WebDriverEngine.enterFrame(WebDriverEngine.java:64)
at com.webtest.wangyiran.NewGoodsEdit.test8(NewGoodsEdit.java:137)
... Removed 25 stack frames]]>
    </failure>
  </testcase> <!-- test8 -->
  <testcase name="test9" time="7.061" classname="com.webtest.wangyiran.NewGoodsEdit">
    <failure type="org.openqa.selenium.NoSuchFrameException" message="No frame element found by name or id wst-lframe-22
Build info: version: &amp;apos;3.141.59&amp;apos;, revision: &amp;apos;e82be7d358&amp;apos;, time: &amp;apos;2018-11-14T08:25:53&amp;apos;
System info: host: &amp;apos;DESKTOP-RP7FE1C&amp;apos;, ip: &amp;apos;10.7.90.123&amp;apos;, os.name: &amp;apos;Windows 10&amp;apos;, os.arch: &amp;apos;amd64&amp;apos;, os.version: &amp;apos;10.0&amp;apos;, java.version: &amp;apos;1.8.0_73&amp;apos;
Driver info: driver.version: unknown">
      <![CDATA[org.openqa.selenium.NoSuchFrameException: No frame element found by name or id wst-lframe-22
Build info: version: '3.141.59', revision: 'e82be7d358', time: '2018-11-14T08:25:53'
System info: host: 'DESKTOP-RP7FE1C', ip: '10.7.90.123', os.name: 'Windows 10', os.arch: 'amd64', os.version: '10.0', java.version: '1.8.0_73'
Driver info: driver.version: unknown
at org.openqa.selenium.remote.RemoteWebDriver$RemoteTargetLocator.frame(RemoteWebDriver.java:885)
at com.webtest.core.WebDriverEngine.enterFrame(WebDriverEngine.java:64)
at com.webtest.wangyiran.NewGoodsEdit.test9(NewGoodsEdit.java:152)
... Removed 25 stack frames]]>
    </failure>
  </testcase> <!-- test9 -->
  <testcase name="test1" time="17.396" classname="com.webtest.wangyiran.ErrorSet">
    <failure type="java.lang.AssertionError" message="expected [true] but found [false]">
      <![CDATA[java.lang.AssertionError: expected [true] but found [false]
at com.webtest.wangyiran.ErrorSet.test1(ErrorSet.java:23)
... Removed 29 stack frames]]>
    </failure>
  </testcase> <!-- test1 -->
  <testcase name="test10" time="20.575" classname="com.webtest.wangyiran.ErrorSet">
    <failure type="java.lang.AssertionError" message="expected [true] but found [false]">
      <![CDATA[java.lang.AssertionError: expected [true] but found [false]
at com.webtest.wangyiran.ErrorSet.test10(ErrorSet.java:163)
... Removed 29 stack frames]]>
    </failure>
  </testcase> <!-- test10 -->
  <testcase name="test11" time="16.943" classname="com.webtest.wangyiran.ErrorSet">
    <failure type="java.lang.AssertionError" message="expected [true] but found [false]">
      <![CDATA[java.lang.AssertionError: expected [true] but found [false]
at com.webtest.wangyiran.ErrorSet.test11(ErrorSet.java:178)
... Removed 29 stack frames]]>
    </failure>
  </testcase> <!-- test11 -->
  <testcase name="test12" time="17.453" classname="com.webtest.wangyiran.ErrorSet">
    <failure type="java.lang.AssertionError" message="expected [true] but found [false]">
      <![CDATA[java.lang.AssertionError: expected [true] but found [false]
at com.webtest.wangyiran.ErrorSet.test12(ErrorSet.java:193)
... Removed 29 stack frames]]>
    </failure>
  </testcase> <!-- test12 -->
  <testcase name="test2" time="17.595" classname="com.webtest.wangyiran.ErrorSet">
    <failure type="java.lang.AssertionError" message="expected [true] but found [false]">
      <![CDATA[java.lang.AssertionError: expected [true] but found [false]
at com.webtest.wangyiran.ErrorSet.test2(ErrorSet.java:38)
... Removed 29 stack frames]]>
    </failure>
  </testcase> <!-- test2 -->
  <testcase name="test3" time="19.399" classname="com.webtest.wangyiran.ErrorSet">
    <failure type="java.lang.AssertionError" message="expected [true] but found [false]">
      <![CDATA[java.lang.AssertionError: expected [true] but found [false]
at com.webtest.wangyiran.ErrorSet.test3(ErrorSet.java:54)
... Removed 29 stack frames]]>
    </failure>
  </testcase> <!-- test3 -->
  <testcase name="test4" time="19.535" classname="com.webtest.wangyiran.ErrorSet">
    <failure type="java.lang.AssertionError" message="expected [true] but found [false]">
      <![CDATA[java.lang.AssertionError: expected [true] but found [false]
at com.webtest.wangyiran.ErrorSet.test4(ErrorSet.java:70)
... Removed 29 stack frames]]>
    </failure>
  </testcase> <!-- test4 -->
  <testcase name="test5" time="19.327" classname="com.webtest.wangyiran.ErrorSet">
    <failure type="java.lang.AssertionError" message="expected [true] but found [false]">
      <![CDATA[java.lang.AssertionError: expected [true] but found [false]
at com.webtest.wangyiran.ErrorSet.test5(ErrorSet.java:86)
... Removed 29 stack frames]]>
    </failure>
  </testcase> <!-- test5 -->
  <testcase name="test6" time="19.416" classname="com.webtest.wangyiran.ErrorSet">
    <failure type="java.lang.AssertionError" message="expected [true] but found [false]">
      <![CDATA[java.lang.AssertionError: expected [true] but found [false]
at com.webtest.wangyiran.ErrorSet.test6(ErrorSet.java:102)
... Removed 29 stack frames]]>
    </failure>
  </testcase> <!-- test6 -->
  <testcase name="test7" time="19.446" classname="com.webtest.wangyiran.ErrorSet">
    <failure type="java.lang.AssertionError" message="expected [true] but found [false]">
      <![CDATA[java.lang.AssertionError: expected [true] but found [false]
at com.webtest.wangyiran.ErrorSet.test7(ErrorSet.java:118)
... Removed 29 stack frames]]>
    </failure>
  </testcase> <!-- test7 -->
  <testcase name="test8" time="16.958" classname="com.webtest.wangyiran.ErrorSet">
    <failure type="java.lang.AssertionError" message="expected [true] but found [false]">
      <![CDATA[java.lang.AssertionError: expected [true] but found [false]
at com.webtest.wangyiran.ErrorSet.test8(ErrorSet.java:133)
... Removed 29 stack frames]]>
    </failure>
  </testcase> <!-- test8 -->
  <testcase name="test9" time="16.933" classname="com.webtest.wangyiran.ErrorSet">
    <failure type="java.lang.AssertionError" message="expected [true] but found [false]">
      <![CDATA[java.lang.AssertionError: expected [true] but found [false]
at com.webtest.wangyiran.ErrorSet.test9(ErrorSet.java:147)
... Removed 29 stack frames]]>
    </failure>
  </testcase> <!-- test9 -->
</testsuite> <!-- test -->
